#
# There is insufficient memory for the Java Runtime Environment to continue.
# Native memory allocation (mmap) failed to map 100663296 bytes for G1 virtual space
# Possible reasons:
#   The system is out of physical RAM or swap space
#   The process is running with CompressedOops enabled, and the Java Heap may be blocking the growth of the native heap
# Possible solutions:
#   Reduce memory load on the system
#   Increase physical memory or swap space
#   Check if swap backing store is full
#   Decrease Java heap size (-Xmx/-Xms)
#   Decrease number of Java threads
#   Decrease Java thread stack sizes (-Xss)
#   Set larger code cache with -XX:ReservedCodeCacheSize=
#   JVM is running with Unscaled Compressed Oops mode in which the Java heap is
#     placed in the first 4GB address space. The Java Heap base address is the
#     maximum limit for the native heap growth. Please use -XX:HeapBaseMinAddress
#     to set the Java Heap base and to place the Java Heap above 4GB virtual address.
# This output file may be truncated or incomplete.
#
#  Out of Memory Error (os_windows.cpp:3600), pid=16628, tid=19872
#
# JRE version:  (21.0+35) (build )
# Java VM: Java HotSpot(TM) 64-Bit Server VM (21+35-LTS-2513, mixed mode, sharing, tiered, compressed oops, compressed class ptrs, g1 gc, windows-amd64)
# No core dump will be written. Minidumps are not enabled by default on client versions of Windows
#

---------------  S U M M A R Y ------------

Command Line: -Dclassworlds.conf=C:\\workspace\\apache-maven-3.9.6-bin\\apache-maven-3.9.6\\bin\\m2.conf -Dmaven.home=C:\\workspace\\apache-maven-3.9.6-bin\\apache-maven-3.9.6 -Dlibrary.jansi.path=C:\\workspace\\apache-maven-3.9.6-bin\\apache-maven-3.9.6\\lib\\jansi-native -Dmaven.multiModuleProjectDirectory=C:\\Users\\Juan Diego Cordoba F\\Documents\\GitHub\\WikiGroupT1 org.codehaus.plexus.classworlds.launcher.Launcher spring-boot:run

Host: AMD Ryzen 5 3500U with Radeon Vega Mobile Gfx  , 8 cores, 5G,  Windows 11 , 64 bit Build 22621 (10.0.22621.3374)
Time: Thu Apr 25 14:30:52 2024 Hora est. Pacífico, Sudamérica elapsed time: 0.066878 seconds (0d 0h 0m 0s)

---------------  T H R E A D  ---------------

Current thread (0x0000015af901e300):  JavaThread "Unknown thread" [_thread_in_vm, id=19872, stack(0x000000597f100000,0x000000597f200000) (1024K)]

Stack: [0x000000597f100000,0x000000597f200000]
Native frames: (J=compiled Java code, j=interpreted, Vv=VM code, C=native code)
V  [jvm.dll+0x6c8d39]
V  [jvm.dll+0x854091]
V  [jvm.dll+0x85630e]
V  [jvm.dll+0x8569e3]
V  [jvm.dll+0x2809a6]
V  [jvm.dll+0x6c5425]
V  [jvm.dll+0x6b9e1a]
V  [jvm.dll+0x3555ba]
V  [jvm.dll+0x35d206]
V  [jvm.dll+0x3adf6e]
V  [jvm.dll+0x3ae218]
V  [jvm.dll+0x328fcc]
V  [jvm.dll+0x329b5b]
V  [jvm.dll+0x81c699]
V  [jvm.dll+0x3bb2a1]
V  [jvm.dll+0x805688]
V  [jvm.dll+0x44ed9e]
V  [jvm.dll+0x4506a1]
C  [jli.dll+0x52a3]
C  [ucrtbase.dll+0x29333]
C  [KERNEL32.DLL+0x1257d]
C  [ntdll.dll+0x5aa48]


---------------  P R O C E S S  ---------------

Threads class SMR info:
_java_thread_list=0x00007ff882b77b48, length=0, elements={
}

Java Threads: ( => current thread )
Total: 0

Other Threads:
  0x0000015afb130210 WorkerThread "GC Thread#0"                     [id=21920, stack(0x000000597f200000,0x000000597f300000) (1024K)]
  0x0000015afb13df90 ConcurrentGCThread "G1 Main Marker"            [id=17364, stack(0x000000597f300000,0x000000597f400000) (1024K)]
  0x0000015afb13ea90 WorkerThread "G1 Conc#0"                       [id=16300, stack(0x000000597f400000,0x000000597f500000) (1024K)]

[error occurred during error reporting (printing all threads), id 0xc0000005, EXCEPTION_ACCESS_VIOLATION (0xc0000005) at pc=0x00007ff8822ec097]
VM state: not at safepoint (not fully initialized)

VM Mutex/Monitor currently owned by a thread:  ([mutex/lock_event])
[0x00007ff882be8648] Heap_lock - owner thread: 0x0000015af901e300

Heap address: 0x00000000a1e00000, size: 1506 MB, Compressed Oops mode: 32-bit

CDS archive(s) mapped at: [0x0000000000000000-0x0000000000000000-0x0000000000000000), size 0, SharedBaseAddress: 0x0000000800000000, ArchiveRelocationMode: 1.
Narrow klass base: 0x0000000000000000, Narrow klass shift: 0, Narrow klass range: 0x0

GC Precious Log:
 CardTable entry size: 512
 Card Set container configuration: InlinePtr #cards 5 size 8 Array Of Cards #cards 12 size 40 Howl #buckets 4 coarsen threshold 1843 Howl Bitmap #cards 512 size 80 coarsen threshold 460 Card regions per heap region 1 cards per card region 2048

Heap:
 garbage-first heap   total 0K, used 0K [0x00000000a1e00000, 0x0000000100000000)
  region size 1024K, 0 young (0K), 0 survivors (0K)

[error occurred during error reporting (printing heap information), id 0xc0000005, EXCEPTION_ACCESS_VIOLATION (0xc0000005) at pc=0x00007ff8826d1939]
GC Heap History (0 events):
No events

Dll operation events (1 events):
Event: 0.040 Loaded shared library C:\Program Files\Java\jdk-21\bin\java.dll

Deoptimization events (0 events):
No events

Classes loaded (0 events):
No events

Classes unloaded (0 events):
No events

Classes redefined (0 events):
No events

Internal exceptions (0 events):
No events

ZGC Phase Switch (0 events):
No events

VM Operations (0 events):
No events

Events (0 events):
No events


Dynamic libraries:
0x00007ff7518d0000 - 0x00007ff7518e0000 	C:\Program Files\Java\jdk-21\bin\java.exe
0x00007ff931e70000 - 0x00007ff932086000 	C:\WINDOWS\SYSTEM32\ntdll.dll
0x00007ff930390000 - 0x00007ff930454000 	C:\WINDOWS\System32\KERNEL32.DLL
0x00007ff92f700000 - 0x00007ff92faa7000 	C:\WINDOWS\System32\KERNELBASE.dll
0x00007ff92f160000 - 0x00007ff92f271000 	C:\WINDOWS\System32\ucrtbase.dll
0x00007ff91cc60000 - 0x00007ff91cc79000 	C:\Program Files\Java\jdk-21\bin\jli.dll
0x00007ff91cc40000 - 0x00007ff91cc5b000 	C:\Program Files\Java\jdk-21\bin\VCRUNTIME140.dll
0x00007ff9300b0000 - 0x00007ff930162000 	C:\WINDOWS\System32\ADVAPI32.dll
0x00007ff930460000 - 0x00007ff930507000 	C:\WINDOWS\System32\msvcrt.dll
0x00007ff930c70000 - 0x00007ff930d18000 	C:\WINDOWS\System32\sechost.dll
0x00007ff92f560000 - 0x00007ff92f588000 	C:\WINDOWS\System32\bcrypt.dll
0x00007ff931c80000 - 0x00007ff931d95000 	C:\WINDOWS\System32\RPCRT4.dll
0x00007ff930ab0000 - 0x00007ff930c5e000 	C:\WINDOWS\System32\USER32.dll
0x00007ff92f280000 - 0x00007ff92f2a6000 	C:\WINDOWS\System32\win32u.dll
0x00007ff918f60000 - 0x00007ff9191f3000 	C:\WINDOWS\WinSxS\amd64_microsoft.windows.common-controls_6595b64144ccf1df_6.0.22621.3235_none_270f74e173860f98\COMCTL32.dll
0x00007ff930600000 - 0x00007ff930629000 	C:\WINDOWS\System32\GDI32.dll
0x00007ff92f3a0000 - 0x00007ff92f4b9000 	C:\WINDOWS\System32\gdi32full.dll
0x00007ff92f4c0000 - 0x00007ff92f55a000 	C:\WINDOWS\System32\msvcp_win.dll
0x00007ff927e50000 - 0x00007ff927e5a000 	C:\WINDOWS\SYSTEM32\VERSION.dll
0x00007ff931c40000 - 0x00007ff931c71000 	C:\WINDOWS\System32\IMM32.DLL
0x00007ff925eb0000 - 0x00007ff925ebc000 	C:\Program Files\Java\jdk-21\bin\vcruntime140_1.dll
0x00007ff8f1a50000 - 0x00007ff8f1ade000 	C:\Program Files\Java\jdk-21\bin\msvcp140.dll
0x00007ff881fb0000 - 0x00007ff882cc3000 	C:\Program Files\Java\jdk-21\bin\server\jvm.dll
0x00007ff931ac0000 - 0x00007ff931b31000 	C:\WINDOWS\System32\WS2_32.dll
0x00007ff92f030000 - 0x00007ff92f07d000 	C:\WINDOWS\SYSTEM32\POWRPROF.dll
0x00007ff925cf0000 - 0x00007ff925d24000 	C:\WINDOWS\SYSTEM32\WINMM.dll
0x00007ff92ef60000 - 0x00007ff92ef73000 	C:\WINDOWS\SYSTEM32\UMPDC.dll
0x00007ff92e1a0000 - 0x00007ff92e1b8000 	C:\WINDOWS\SYSTEM32\kernel.appcore.dll
0x00007ff925e70000 - 0x00007ff925e7a000 	C:\Program Files\Java\jdk-21\bin\jimage.dll
0x00007ff92cb20000 - 0x00007ff92cd53000 	C:\WINDOWS\SYSTEM32\DBGHELP.DLL
0x00007ff92fbc0000 - 0x00007ff92ff48000 	C:\WINDOWS\System32\combase.dll
0x00007ff930510000 - 0x00007ff9305e7000 	C:\WINDOWS\System32\OLEAUT32.dll
0x00007ff904690000 - 0x00007ff9046c2000 	C:\WINDOWS\SYSTEM32\dbgcore.DLL
0x00007ff92f320000 - 0x00007ff92f399000 	C:\WINDOWS\System32\bcryptPrimitives.dll
0x00007ff91cb20000 - 0x00007ff91cb3f000 	C:\Program Files\Java\jdk-21\bin\java.dll

dbghelp: loaded successfully - version: 4.0.5 - missing functions: none
symbol engine: initialized successfully - sym options: 0x614 - pdb path: .;C:\Program Files\Java\jdk-21\bin;C:\WINDOWS\SYSTEM32;C:\WINDOWS\WinSxS\amd64_microsoft.windows.common-controls_6595b64144ccf1df_6.0.22621.3235_none_270f74e173860f98;C:\Program Files\Java\jdk-21\bin\server

VM Arguments:
jvm_args: -Dclassworlds.conf=C:\\workspace\\apache-maven-3.9.6-bin\\apache-maven-3.9.6\\bin\\m2.conf -Dmaven.home=C:\\workspace\\apache-maven-3.9.6-bin\\apache-maven-3.9.6 -Dlibrary.jansi.path=C:\\workspace\\apache-maven-3.9.6-bin\\apache-maven-3.9.6\\lib\\jansi-native -Dmaven.multiModuleProjectDirectory=C:\\Users\\Juan Diego Cordoba F\\Documents\\GitHub\\WikiGroupT1 
java_command: org.codehaus.plexus.classworlds.launcher.Launcher spring-boot:run
java_class_path (initial): C:\\workspace\\apache-maven-3.9.6-bin\\apache-maven-3.9.6\\boot\\plexus-classworlds-2.7.0.jar
Launcher Type: SUN_STANDARD

[Global flags]
     intx CICompilerCount                          = 4                                         {product} {ergonomic}
     uint ConcGCThreads                            = 2                                         {product} {ergonomic}
     uint G1ConcRefinementThreads                  = 8                                         {product} {ergonomic}
   size_t G1HeapRegionSize                         = 1048576                                   {product} {ergonomic}
    uintx GCDrainStackTargetSize                   = 64                                        {product} {ergonomic}
   size_t InitialHeapSize                          = 100663296                                 {product} {ergonomic}
   size_t MarkStackSize                            = 4194304                                   {product} {ergonomic}
   size_t MaxHeapSize                              = 1579155456                                {product} {ergonomic}
   size_t MinHeapDeltaBytes                        = 1048576                                   {product} {ergonomic}
   size_t MinHeapSize                              = 8388608                                   {product} {ergonomic}
    uintx NonNMethodCodeHeapSize                   = 5839372                                {pd product} {ergonomic}
    uintx NonProfiledCodeHeapSize                  = 122909434                              {pd product} {ergonomic}
    uintx ProfiledCodeHeapSize                     = 122909434                              {pd product} {ergonomic}
    uintx ReservedCodeCacheSize                    = 251658240                              {pd product} {ergonomic}
     bool SegmentedCodeCache                       = true                                      {product} {ergonomic}
   size_t SoftMaxHeapSize                          = 1579155456                             {manageable} {ergonomic}
     bool UseCompressedOops                        = true                           {product lp64_product} {ergonomic}
     bool UseG1GC                                  = true                                      {product} {ergonomic}
     bool UseLargePagesIndividualAllocation        = false                                  {pd product} {ergonomic}

Logging:
Log output configuration:
 #0: stdout all=warning uptime,level,tags foldmultilines=false
 #1: stderr all=off uptime,level,tags foldmultilines=false

Environment Variables:
PATH=C:\Program Files (x86)\VMware\VMware Player\bin\;C:\Program Files\Common Files\Oracle\Java\javapath;C:\Oracle\dbhomeXE\bin;C:\Program Files (x86)\Common Files\Oracle\Java\javapath;C:\Program Files\AdoptOpenJDK\jre-11.0.7.10-hotspot\bin;C:\WINDOWS\system32;C:\WINDOWS;C:\WINDOWS\System32\Wbem;C:\WINDOWS\System32\WindowsPowerShell\v1.0\;C:\WINDOWS\System32\OpenSSH\;C:\Program Files (x86)\dotnet\;C:\Program Files\Java\jdk-19\bin;C:\Program Files\Git\cmd;C:\workspace\apache-maven-3.9.6-bin\apache-maven-3.9.6\bin;C:\Program Files\nodejs\;C:\Users\Juan Diego Cordoba F\AppData\Local\Programs\Python\Python39\Scripts\;C:\Users\Juan Diego Cordoba F\AppData\Local\Programs\Python\Python39\;C:\Users\Juan Diego Cordoba F\AppData\Local\Microsoft\WindowsApps;C:\Users\Juan Diego Cordoba F\AppData\Local\atom\bin;C:\Users\Juan Diego Cordoba F\AppData\Local\Microsoft\WindowsApps;C:\MinGW\bin;C:\Users\Juan Diego Cordoba F\AppData\Local\Programs\Microsoft VS Code\bin;C:\Users\Juan Diego Cordoba F\AppData\Local\GitHubDesktop\bin;C:\Users\Juan Diego Cordoba F\AppData\Roaming\npm
USERNAME=Juan Diego Cordoba F
LANG=en_US.UTF-8
OS=Windows_NT
PROCESSOR_IDENTIFIER=AMD64 Family 23 Model 24 Stepping 1, AuthenticAMD
TMP=C:\Users\JUANDI~1\AppData\Local\Temp
TEMP=C:\Users\JUANDI~1\AppData\Local\Temp




---------------  S Y S T E M  ---------------

OS:
 Windows 11 , 64 bit Build 22621 (10.0.22621.3374)
OS uptime: 3 days 20:40 hours

CPU: total 8 (initial active 8) (8 cores per cpu, 2 threads per core) family 23 model 24 stepping 1 microcode 0x0, cx8, cmov, fxsr, ht, mmx, 3dnowpref, sse, sse2, sse3, ssse3, sse4a, sse4.1, sse4.2, popcnt, lzcnt, tsc, tscinvbit, avx, avx2, aes, clmul, bmi1, bmi2, adx, sha, fma, vzeroupper, clflush, clflushopt, rdtscp, f16c
Processor Information for all 8 processors :
  Max Mhz: 2100, Current Mhz: 2100, Mhz Limit: 2100

Memory: 4k page, system-wide physical 6020M (683M free)
TotalPageFile size 24452M (AvailPageFile size 94M)
current process WorkingSet (physical memory assigned to process): 11M, peak: 11M
current process commit charge ("private bytes"): 60M, peak: 156M

vm_info: Java HotSpot(TM) 64-Bit Server VM (21+35-LTS-2513) for windows-amd64 JRE (21+35-LTS-2513), built on 2023-08-09T20:25:10Z by "mach5one" with MS VC++ 17.1 (VS2022)

END.
