#
# There is insufficient memory for the Java Runtime Environment to continue.
# Native memory allocation (malloc) failed to allocate 1107616 bytes for Chunk::new
# Possible reasons:
#   The system is out of physical RAM or swap space
#   The process is running with CompressedOops enabled, and the Java Heap may be blocking the growth of the native heap
# Possible solutions:
#   Reduce memory load on the system
#   Increase physical memory or swap space
#   Check if swap backing store is full
#   Decrease Java heap size (-Xmx/-Xms)
#   Decrease number of Java threads
#   Decrease Java thread stack sizes (-Xss)
#   Set larger code cache with -XX:ReservedCodeCacheSize=
#   JVM is running with Unscaled Compressed Oops mode in which the Java heap is
#     placed in the first 4GB address space. The Java Heap base address is the
#     maximum limit for the native heap growth. Please use -XX:HeapBaseMinAddress
#     to set the Java Heap base and to place the Java Heap above 4GB virtual address.
# This output file may be truncated or incomplete.
#
#  Out of Memory Error (arena.cpp:166), pid=6432, tid=25204
#
# JRE version: Java(TM) SE Runtime Environment (21.0+35) (build 21+35-LTS-2513)
# Java VM: Java HotSpot(TM) 64-Bit Server VM (21+35-LTS-2513, mixed mode, sharing, tiered, compressed oops, compressed class ptrs, g1 gc, windows-amd64)
# No core dump will be written. Minidumps are not enabled by default on client versions of Windows
#

---------------  S U M M A R Y ------------

Command Line: -Dclassworlds.conf=C:\\workspace\\apache-maven-3.9.6-bin\\apache-maven-3.9.6\\bin\\m2.conf -Dmaven.home=C:\\workspace\\apache-maven-3.9.6-bin\\apache-maven-3.9.6 -Dlibrary.jansi.path=C:\\workspace\\apache-maven-3.9.6-bin\\apache-maven-3.9.6\\lib\\jansi-native -Dmaven.multiModuleProjectDirectory=C:\\Users\\Juan Diego Cordoba F\\Documents\\GitHub\\WikiGroupT1 org.codehaus.plexus.classworlds.launcher.Launcher spring-boot:run

Host: AMD Ryzen 5 3500U with Radeon Vega Mobile Gfx  , 8 cores, 5G,  Windows 11 , 64 bit Build 22621 (10.0.22621.3374)
Time: Thu Apr 25 15:19:59 2024 Hora est. Pacífico, Sudamérica elapsed time: 6.754222 seconds (0d 0h 0m 6s)

---------------  T H R E A D  ---------------

Current thread (0x0000027663eac510):  JavaThread "C2 CompilerThread0" daemon [_thread_in_native, id=25204, stack(0x0000009bbba00000,0x0000009bbbb00000) (1024K)]


Current CompileTask:
C2:   6754 4829       4       org.apache.maven.model.inheritance.DefaultInheritanceAssembler$InheritanceModelMerger::mergePluginContainer_Plugins (433 bytes)

Stack: [0x0000009bbba00000,0x0000009bbbb00000]
Native frames: (J=compiled Java code, j=interpreted, Vv=VM code, C=native code)
V  [jvm.dll+0x6c8d39]
V  [jvm.dll+0x854091]
V  [jvm.dll+0x85630e]
V  [jvm.dll+0x8569e3]
V  [jvm.dll+0x2809a6]
V  [jvm.dll+0xc3e6d]
V  [jvm.dll+0xc4383]
V  [jvm.dll+0x2f3cbf]
V  [jvm.dll+0x5f3e46]
V  [jvm.dll+0x25291f]
V  [jvm.dll+0x24b053]
V  [jvm.dll+0x248cd3]
V  [jvm.dll+0x1c9b91]
V  [jvm.dll+0x2583e9]
V  [jvm.dll+0x2569ca]
V  [jvm.dll+0x3eef66]
V  [jvm.dll+0x7fd2c8]
V  [jvm.dll+0x6c748d]
C  [ucrtbase.dll+0x29333]
C  [KERNEL32.DLL+0x1257d]
C  [ntdll.dll+0x5aa48]


---------------  P R O C E S S  ---------------

Threads class SMR info:
_java_thread_list=0x0000027669a98d70, length=12, elements={
0x0000027645d64940, 0x0000027663e9e710, 0x0000027663e9f170, 0x0000027663ea1b20,
0x0000027663ea28e0, 0x0000027663ea5350, 0x0000027663ea6010, 0x0000027663eac510,
0x0000027663eacfb0, 0x000002766822e600, 0x000002766822f240, 0x0000027668c939c0
}

Java Threads: ( => current thread )
  0x0000027645d64940 JavaThread "main"                              [_thread_in_native, id=25668, stack(0x0000009bbac00000,0x0000009bbad00000) (1024K)]
  0x0000027663e9e710 JavaThread "Reference Handler"          daemon [_thread_blocked, id=28456, stack(0x0000009bbb400000,0x0000009bbb500000) (1024K)]
  0x0000027663e9f170 JavaThread "Finalizer"                  daemon [_thread_blocked, id=21388, stack(0x0000009bbb500000,0x0000009bbb600000) (1024K)]
  0x0000027663ea1b20 JavaThread "Signal Dispatcher"          daemon [_thread_blocked, id=30612, stack(0x0000009bbb600000,0x0000009bbb700000) (1024K)]
  0x0000027663ea28e0 JavaThread "Attach Listener"            daemon [_thread_blocked, id=28360, stack(0x0000009bbb700000,0x0000009bbb800000) (1024K)]
  0x0000027663ea5350 JavaThread "Service Thread"             daemon [_thread_blocked, id=12216, stack(0x0000009bbb800000,0x0000009bbb900000) (1024K)]
  0x0000027663ea6010 JavaThread "Monitor Deflation Thread"   daemon [_thread_blocked, id=14760, stack(0x0000009bbb900000,0x0000009bbba00000) (1024K)]
=>0x0000027663eac510 JavaThread "C2 CompilerThread0"         daemon [_thread_in_native, id=25204, stack(0x0000009bbba00000,0x0000009bbbb00000) (1024K)]
  0x0000027663eacfb0 JavaThread "C1 CompilerThread0"         daemon [_thread_blocked, id=7352, stack(0x0000009bbbb00000,0x0000009bbbc00000) (1024K)]
  0x000002766822e600 JavaThread "Notification Thread"        daemon [_thread_blocked, id=31168, stack(0x0000009bbbc00000,0x0000009bbbd00000) (1024K)]
  0x000002766822f240 JavaThread "Common-Cleaner"             daemon [_thread_blocked, id=4264, stack(0x0000009bbbd00000,0x0000009bbbe00000) (1024K)]
  0x0000027668c939c0 JavaThread "C2 CompilerThread1"         daemon [_thread_blocked, id=29204, stack(0x0000009bbbe00000,0x0000009bbbf00000) (1024K)]
Total: 12

Other Threads:
  0x0000027663e7cfd0 VMThread "VM Thread"                           [id=8068, stack(0x0000009bbb300000,0x0000009bbb400000) (1024K)]
  0x0000027663e668e0 WatcherThread "VM Periodic Task Thread"        [id=20816, stack(0x0000009bbb200000,0x0000009bbb300000) (1024K)]
  0x0000027645ff7610 WorkerThread "GC Thread#0"                     [id=26696, stack(0x0000009bbad00000,0x0000009bbae00000) (1024K)]
  0x0000027668f23510 WorkerThread "GC Thread#1"                     [id=29296, stack(0x0000009bbc000000,0x0000009bbc100000) (1024K)]
  0x00000276695b8570 WorkerThread "GC Thread#2"                     [id=25684, stack(0x0000009bbc100000,0x0000009bbc200000) (1024K)]
  0x0000027668f71720 WorkerThread "GC Thread#3"                     [id=28088, stack(0x0000009bbc200000,0x0000009bbc300000) (1024K)]
  0x00000276697bdf50 WorkerThread "GC Thread#4"                     [id=6132, stack(0x0000009bbc300000,0x0000009bbc400000) (1024K)]
  0x00000276697be700 WorkerThread "GC Thread#5"                     [id=8368, stack(0x0000009bbc400000,0x0000009bbc500000) (1024K)]
  0x00000276697beaa0 WorkerThread "GC Thread#6"                     [id=30716, stack(0x0000009bbc500000,0x0000009bbc600000) (1024K)]
  0x0000027669659450 WorkerThread "GC Thread#7"                     [id=27580, stack(0x0000009bbc600000,0x0000009bbc700000) (1024K)]
  0x0000027646004a40 ConcurrentGCThread "G1 Main Marker"            [id=29308, stack(0x0000009bbae00000,0x0000009bbaf00000) (1024K)]
  0x0000027646005e90 WorkerThread "G1 Conc#0"                       [id=28024, stack(0x0000009bbaf00000,0x0000009bbb000000) (1024K)]
  0x0000027663d36ce0 ConcurrentGCThread "G1 Refine#0"               [id=12196, stack(0x0000009bbb000000,0x0000009bbb100000) (1024K)]
  0x0000027663d3a930 ConcurrentGCThread "G1 Service"                [id=23980, stack(0x0000009bbb100000,0x0000009bbb200000) (1024K)]
Total: 14

Threads with active compile tasks:
C2 CompilerThread0     6795 4829       4       org.apache.maven.model.inheritance.DefaultInheritanceAssembler$InheritanceModelMerger::mergePluginContainer_Plugins (433 bytes)
Total: 1

VM state: not at safepoint (normal execution)

VM Mutex/Monitor currently owned by a thread: None

Heap address: 0x00000000a1e00000, size: 1506 MB, Compressed Oops mode: 32-bit

CDS archive(s) mapped at: [0x0000027600000000-0x0000027600c90000-0x0000027600c90000), size 13172736, SharedBaseAddress: 0x0000027600000000, ArchiveRelocationMode: 1.
Compressed class space mapped at: 0x0000027601000000-0x0000027641000000, reserved size: 1073741824
Narrow klass base: 0x0000027600000000, Narrow klass shift: 0, Narrow klass range: 0x100000000

GC Precious Log:
 CardTable entry size: 512
 Card Set container configuration: InlinePtr #cards 5 size 8 Array Of Cards #cards 12 size 40 Howl #buckets 4 coarsen threshold 1843 Howl Bitmap #cards 512 size 80 coarsen threshold 460 Card regions per heap region 1 cards per card region 2048
 CPUs: 8 total, 8 available
 Memory: 6020M
 Large Page Support: Disabled
 NUMA Support: Disabled
 Compressed Oops: Enabled (32-bit)
 Heap Region Size: 1M
 Heap Min Capacity: 8M
 Heap Initial Capacity: 96M
 Heap Max Capacity: 1506M
 Pre-touch: Disabled
 Parallel Workers: 8
 Concurrent Workers: 2
 Concurrent Refinement Workers: 8
 Periodic GC: Disabled

Heap:
 garbage-first heap   total 110592K, used 22528K [0x00000000a1e00000, 0x0000000100000000)
  region size 1024K, 10 young (10240K), 7 survivors (7168K)
 Metaspace       used 19736K, committed 20032K, reserved 1114112K
  class space    used 2165K, committed 2304K, reserved 1048576K

Heap Regions: E=young(eden), S=young(survivor), O=old, HS=humongous(starts), HC=humongous(continues), CS=collection set, F=free, TAMS=top-at-mark-start, PB=parsable bottom
|   0|0x00000000a1e00000, 0x00000000a1f00000, 0x00000000a1f00000|100%| O|  |TAMS 0x00000000a1e00000| PB 0x00000000a1e00000| Untracked 
|   1|0x00000000a1f00000, 0x00000000a2000000, 0x00000000a2000000|100%| O|  |TAMS 0x00000000a1f00000| PB 0x00000000a1f00000| Untracked 
|   2|0x00000000a2000000, 0x00000000a2100000, 0x00000000a2100000|100%| O|  |TAMS 0x00000000a2000000| PB 0x00000000a2000000| Untracked 
|   3|0x00000000a2100000, 0x00000000a2200000, 0x00000000a2200000|100%| O|  |TAMS 0x00000000a2100000| PB 0x00000000a2100000| Untracked 
|   4|0x00000000a2200000, 0x00000000a2300000, 0x00000000a2300000|100%| O|  |TAMS 0x00000000a2200000| PB 0x00000000a2200000| Untracked 
|   5|0x00000000a2300000, 0x00000000a2300000, 0x00000000a2400000|  0%| F|  |TAMS 0x00000000a2300000| PB 0x00000000a2300000| Untracked 
|   6|0x00000000a2400000, 0x00000000a2400000, 0x00000000a2500000|  0%| F|  |TAMS 0x00000000a2400000| PB 0x00000000a2400000| Untracked 
|   7|0x00000000a2500000, 0x00000000a2500000, 0x00000000a2600000|  0%| F|  |TAMS 0x00000000a2500000| PB 0x00000000a2500000| Untracked 
|   8|0x00000000a2600000, 0x00000000a2600000, 0x00000000a2700000|  0%| F|  |TAMS 0x00000000a2600000| PB 0x00000000a2600000| Untracked 
|   9|0x00000000a2700000, 0x00000000a2700000, 0x00000000a2800000|  0%| F|  |TAMS 0x00000000a2700000| PB 0x00000000a2700000| Untracked 
|  10|0x00000000a2800000, 0x00000000a2800000, 0x00000000a2900000|  0%| F|  |TAMS 0x00000000a2800000| PB 0x00000000a2800000| Untracked 
|  11|0x00000000a2900000, 0x00000000a2900000, 0x00000000a2a00000|  0%| F|  |TAMS 0x00000000a2900000| PB 0x00000000a2900000| Untracked 
|  12|0x00000000a2a00000, 0x00000000a2a00000, 0x00000000a2b00000|  0%| F|  |TAMS 0x00000000a2a00000| PB 0x00000000a2a00000| Untracked 
|  13|0x00000000a2b00000, 0x00000000a2b00000, 0x00000000a2c00000|  0%| F|  |TAMS 0x00000000a2b00000| PB 0x00000000a2b00000| Untracked 
|  14|0x00000000a2c00000, 0x00000000a2c00000, 0x00000000a2d00000|  0%| F|  |TAMS 0x00000000a2c00000| PB 0x00000000a2c00000| Untracked 
|  15|0x00000000a2d00000, 0x00000000a2d00000, 0x00000000a2e00000|  0%| F|  |TAMS 0x00000000a2d00000| PB 0x00000000a2d00000| Untracked 
|  16|0x00000000a2e00000, 0x00000000a2e00000, 0x00000000a2f00000|  0%| F|  |TAMS 0x00000000a2e00000| PB 0x00000000a2e00000| Untracked 
|  17|0x00000000a2f00000, 0x00000000a2f00000, 0x00000000a3000000|  0%| F|  |TAMS 0x00000000a2f00000| PB 0x00000000a2f00000| Untracked 
|  18|0x00000000a3000000, 0x00000000a3000000, 0x00000000a3100000|  0%| F|  |TAMS 0x00000000a3000000| PB 0x00000000a3000000| Untracked 
|  19|0x00000000a3100000, 0x00000000a3100000, 0x00000000a3200000|  0%| F|  |TAMS 0x00000000a3100000| PB 0x00000000a3100000| Untracked 
|  20|0x00000000a3200000, 0x00000000a3200000, 0x00000000a3300000|  0%| F|  |TAMS 0x00000000a3200000| PB 0x00000000a3200000| Untracked 
|  21|0x00000000a3300000, 0x00000000a3300000, 0x00000000a3400000|  0%| F|  |TAMS 0x00000000a3300000| PB 0x00000000a3300000| Untracked 
|  22|0x00000000a3400000, 0x00000000a3400000, 0x00000000a3500000|  0%| F|  |TAMS 0x00000000a3400000| PB 0x00000000a3400000| Untracked 
|  23|0x00000000a3500000, 0x00000000a3500000, 0x00000000a3600000|  0%| F|  |TAMS 0x00000000a3500000| PB 0x00000000a3500000| Untracked 
|  24|0x00000000a3600000, 0x00000000a3600000, 0x00000000a3700000|  0%| F|  |TAMS 0x00000000a3600000| PB 0x00000000a3600000| Untracked 
|  25|0x00000000a3700000, 0x00000000a3800000, 0x00000000a3800000|100%| O|  |TAMS 0x00000000a3700000| PB 0x00000000a3700000| Untracked 
|  26|0x00000000a3800000, 0x00000000a3900000, 0x00000000a3900000|100%| O|  |TAMS 0x00000000a3800000| PB 0x00000000a3800000| Untracked 
|  27|0x00000000a3900000, 0x00000000a3a00000, 0x00000000a3a00000|100%| O|  |TAMS 0x00000000a3900000| PB 0x00000000a3900000| Untracked 
|  28|0x00000000a3a00000, 0x00000000a3b00000, 0x00000000a3b00000|100%| O|  |TAMS 0x00000000a3a00000| PB 0x00000000a3a00000| Untracked 
|  29|0x00000000a3b00000, 0x00000000a3c00000, 0x00000000a3c00000|100%| O|  |TAMS 0x00000000a3b00000| PB 0x00000000a3b00000| Untracked 
|  30|0x00000000a3c00000, 0x00000000a3d00000, 0x00000000a3d00000|100%| O|  |TAMS 0x00000000a3c00000| PB 0x00000000a3c00000| Untracked 
|  31|0x00000000a3d00000, 0x00000000a3d00000, 0x00000000a3e00000|  0%| F|  |TAMS 0x00000000a3d00000| PB 0x00000000a3d00000| Untracked 
|  32|0x00000000a3e00000, 0x00000000a3e00000, 0x00000000a3f00000|  0%| F|  |TAMS 0x00000000a3e00000| PB 0x00000000a3e00000| Untracked 
|  33|0x00000000a3f00000, 0x00000000a3f00000, 0x00000000a4000000|  0%| F|  |TAMS 0x00000000a3f00000| PB 0x00000000a3f00000| Untracked 
|  34|0x00000000a4000000, 0x00000000a4000000, 0x00000000a4100000|  0%| F|  |TAMS 0x00000000a4000000| PB 0x00000000a4000000| Untracked 
|  35|0x00000000a4100000, 0x00000000a4200000, 0x00000000a4200000|100%| S|CS|TAMS 0x00000000a4100000| PB 0x00000000a4100000| Complete 
|  36|0x00000000a4200000, 0x00000000a4300000, 0x00000000a4300000|100%| S|CS|TAMS 0x00000000a4200000| PB 0x00000000a4200000| Complete 
|  37|0x00000000a4300000, 0x00000000a4400000, 0x00000000a4400000|100%| S|CS|TAMS 0x00000000a4300000| PB 0x00000000a4300000| Complete 
|  38|0x00000000a4400000, 0x00000000a4500000, 0x00000000a4500000|100%| S|CS|TAMS 0x00000000a4400000| PB 0x00000000a4400000| Complete 
|  39|0x00000000a4500000, 0x00000000a4600000, 0x00000000a4600000|100%| O|  |TAMS 0x00000000a4500000| PB 0x00000000a4500000| Untracked 
|  40|0x00000000a4600000, 0x00000000a4700000, 0x00000000a4700000|100%| O|  |TAMS 0x00000000a4600000| PB 0x00000000a4600000| Untracked 
|  41|0x00000000a4700000, 0x00000000a4800000, 0x00000000a4800000|100%| S|CS|TAMS 0x00000000a4700000| PB 0x00000000a4700000| Complete 
|  42|0x00000000a4800000, 0x00000000a4900000, 0x00000000a4900000|100%| S|CS|TAMS 0x00000000a4800000| PB 0x00000000a4800000| Complete 
|  43|0x00000000a4900000, 0x00000000a4900000, 0x00000000a4a00000|  0%| F|  |TAMS 0x00000000a4900000| PB 0x00000000a4900000| Untracked 
|  44|0x00000000a4a00000, 0x00000000a4a00000, 0x00000000a4b00000|  0%| F|  |TAMS 0x00000000a4a00000| PB 0x00000000a4a00000| Untracked 
|  45|0x00000000a4b00000, 0x00000000a4b00000, 0x00000000a4c00000|  0%| F|  |TAMS 0x00000000a4b00000| PB 0x00000000a4b00000| Untracked 
|  46|0x00000000a4c00000, 0x00000000a4c00000, 0x00000000a4d00000|  0%| F|  |TAMS 0x00000000a4c00000| PB 0x00000000a4c00000| Untracked 
|  47|0x00000000a4d00000, 0x00000000a4e00000, 0x00000000a4e00000|100%| S|CS|TAMS 0x00000000a4d00000| PB 0x00000000a4d00000| Complete 
|  48|0x00000000a4e00000, 0x00000000a4e00000, 0x00000000a4f00000|  0%| F|  |TAMS 0x00000000a4e00000| PB 0x00000000a4e00000| Untracked 
|  49|0x00000000a4f00000, 0x00000000a4f00000, 0x00000000a5000000|  0%| F|  |TAMS 0x00000000a4f00000| PB 0x00000000a4f00000| Untracked 
|  50|0x00000000a5000000, 0x00000000a5000000, 0x00000000a5100000|  0%| F|  |TAMS 0x00000000a5000000| PB 0x00000000a5000000| Untracked 
|  51|0x00000000a5100000, 0x00000000a5100000, 0x00000000a5200000|  0%| F|  |TAMS 0x00000000a5100000| PB 0x00000000a5100000| Untracked 
|  52|0x00000000a5200000, 0x00000000a5200000, 0x00000000a5300000|  0%| F|  |TAMS 0x00000000a5200000| PB 0x00000000a5200000| Untracked 
|  53|0x00000000a5300000, 0x00000000a5300000, 0x00000000a5400000|  0%| F|  |TAMS 0x00000000a5300000| PB 0x00000000a5300000| Untracked 
|  54|0x00000000a5400000, 0x00000000a5400000, 0x00000000a5500000|  0%| F|  |TAMS 0x00000000a5400000| PB 0x00000000a5400000| Untracked 
|  55|0x00000000a5500000, 0x00000000a5500000, 0x00000000a5600000|  0%| F|  |TAMS 0x00000000a5500000| PB 0x00000000a5500000| Untracked 
|  56|0x00000000a5600000, 0x00000000a5600000, 0x00000000a5700000|  0%| F|  |TAMS 0x00000000a5600000| PB 0x00000000a5600000| Untracked 
|  57|0x00000000a5700000, 0x00000000a5700000, 0x00000000a5800000|  0%| F|  |TAMS 0x00000000a5700000| PB 0x00000000a5700000| Untracked 
|  58|0x00000000a5800000, 0x00000000a5800000, 0x00000000a5900000|  0%| F|  |TAMS 0x00000000a5800000| PB 0x00000000a5800000| Untracked 
|  59|0x00000000a5900000, 0x00000000a5900000, 0x00000000a5a00000|  0%| F|  |TAMS 0x00000000a5900000| PB 0x00000000a5900000| Untracked 
|  60|0x00000000a5a00000, 0x00000000a5a00000, 0x00000000a5b00000|  0%| F|  |TAMS 0x00000000a5a00000| PB 0x00000000a5a00000| Untracked 
|  61|0x00000000a5b00000, 0x00000000a5b00000, 0x00000000a5c00000|  0%| F|  |TAMS 0x00000000a5b00000| PB 0x00000000a5b00000| Untracked 
|  62|0x00000000a5c00000, 0x00000000a5c00000, 0x00000000a5d00000|  0%| F|  |TAMS 0x00000000a5c00000| PB 0x00000000a5c00000| Untracked 
|  63|0x00000000a5d00000, 0x00000000a5d00000, 0x00000000a5e00000|  0%| F|  |TAMS 0x00000000a5d00000| PB 0x00000000a5d00000| Untracked 
|  64|0x00000000a5e00000, 0x00000000a5e00000, 0x00000000a5f00000|  0%| F|  |TAMS 0x00000000a5e00000| PB 0x00000000a5e00000| Untracked 
|  65|0x00000000a5f00000, 0x00000000a5f00000, 0x00000000a6000000|  0%| F|  |TAMS 0x00000000a5f00000| PB 0x00000000a5f00000| Untracked 
|  66|0x00000000a6000000, 0x00000000a6000000, 0x00000000a6100000|  0%| F|  |TAMS 0x00000000a6000000| PB 0x00000000a6000000| Untracked 
|  67|0x00000000a6100000, 0x00000000a6100000, 0x00000000a6200000|  0%| F|  |TAMS 0x00000000a6100000| PB 0x00000000a6100000| Untracked 
|  68|0x00000000a6200000, 0x00000000a6200000, 0x00000000a6300000|  0%| F|  |TAMS 0x00000000a6200000| PB 0x00000000a6200000| Untracked 
|  69|0x00000000a6300000, 0x00000000a6300000, 0x00000000a6400000|  0%| F|  |TAMS 0x00000000a6300000| PB 0x00000000a6300000| Untracked 
|  70|0x00000000a6400000, 0x00000000a6400000, 0x00000000a6500000|  0%| F|  |TAMS 0x00000000a6400000| PB 0x00000000a6400000| Untracked 
|  71|0x00000000a6500000, 0x00000000a6500000, 0x00000000a6600000|  0%| F|  |TAMS 0x00000000a6500000| PB 0x00000000a6500000| Untracked 
|  72|0x00000000a6600000, 0x00000000a6600000, 0x00000000a6700000|  0%| F|  |TAMS 0x00000000a6600000| PB 0x00000000a6600000| Untracked 
|  73|0x00000000a6700000, 0x00000000a6700000, 0x00000000a6800000|  0%| F|  |TAMS 0x00000000a6700000| PB 0x00000000a6700000| Untracked 
|  74|0x00000000a6800000, 0x00000000a6800000, 0x00000000a6900000|  0%| F|  |TAMS 0x00000000a6800000| PB 0x00000000a6800000| Untracked 
|  75|0x00000000a6900000, 0x00000000a6900000, 0x00000000a6a00000|  0%| F|  |TAMS 0x00000000a6900000| PB 0x00000000a6900000| Untracked 
|  76|0x00000000a6a00000, 0x00000000a6a00000, 0x00000000a6b00000|  0%| F|  |TAMS 0x00000000a6a00000| PB 0x00000000a6a00000| Untracked 
|  77|0x00000000a6b00000, 0x00000000a6b00000, 0x00000000a6c00000|  0%| F|  |TAMS 0x00000000a6b00000| PB 0x00000000a6b00000| Untracked 
|  78|0x00000000a6c00000, 0x00000000a6c00000, 0x00000000a6d00000|  0%| F|  |TAMS 0x00000000a6c00000| PB 0x00000000a6c00000| Untracked 
|  79|0x00000000a6d00000, 0x00000000a6d00000, 0x00000000a6e00000|  0%| F|  |TAMS 0x00000000a6d00000| PB 0x00000000a6d00000| Untracked 
|  80|0x00000000a6e00000, 0x00000000a6e00000, 0x00000000a6f00000|  0%| F|  |TAMS 0x00000000a6e00000| PB 0x00000000a6e00000| Untracked 
|  81|0x00000000a6f00000, 0x00000000a6f00000, 0x00000000a7000000|  0%| F|  |TAMS 0x00000000a6f00000| PB 0x00000000a6f00000| Untracked 
|  82|0x00000000a7000000, 0x00000000a7000000, 0x00000000a7100000|  0%| F|  |TAMS 0x00000000a7000000| PB 0x00000000a7000000| Untracked 
|  83|0x00000000a7100000, 0x00000000a7100000, 0x00000000a7200000|  0%| F|  |TAMS 0x00000000a7100000| PB 0x00000000a7100000| Untracked 
|  84|0x00000000a7200000, 0x00000000a7200000, 0x00000000a7300000|  0%| F|  |TAMS 0x00000000a7200000| PB 0x00000000a7200000| Untracked 
|  85|0x00000000a7300000, 0x00000000a7300000, 0x00000000a7400000|  0%| F|  |TAMS 0x00000000a7300000| PB 0x00000000a7300000| Untracked 
|  86|0x00000000a7400000, 0x00000000a7400000, 0x00000000a7500000|  0%| F|  |TAMS 0x00000000a7400000| PB 0x00000000a7400000| Untracked 
|  87|0x00000000a7500000, 0x00000000a7500000, 0x00000000a7600000|  0%| F|  |TAMS 0x00000000a7500000| PB 0x00000000a7500000| Untracked 
|  88|0x00000000a7600000, 0x00000000a7600000, 0x00000000a7700000|  0%| F|  |TAMS 0x00000000a7600000| PB 0x00000000a7600000| Untracked 
|  89|0x00000000a7700000, 0x00000000a7700000, 0x00000000a7800000|  0%| F|  |TAMS 0x00000000a7700000| PB 0x00000000a7700000| Untracked 
|  90|0x00000000a7800000, 0x00000000a7800000, 0x00000000a7900000|  0%| F|  |TAMS 0x00000000a7800000| PB 0x00000000a7800000| Untracked 
|  91|0x00000000a7900000, 0x00000000a7900000, 0x00000000a7a00000|  0%| F|  |TAMS 0x00000000a7900000| PB 0x00000000a7900000| Untracked 
|  92|0x00000000a7a00000, 0x00000000a7a00000, 0x00000000a7b00000|  0%| F|  |TAMS 0x00000000a7a00000| PB 0x00000000a7a00000| Untracked 
|  93|0x00000000a7b00000, 0x00000000a7b00000, 0x00000000a7c00000|  0%| F|  |TAMS 0x00000000a7b00000| PB 0x00000000a7b00000| Untracked 
|  94|0x00000000a7c00000, 0x00000000a7c00000, 0x00000000a7d00000|  0%| F|  |TAMS 0x00000000a7c00000| PB 0x00000000a7c00000| Untracked 
|  95|0x00000000a7d00000, 0x00000000a7d00000, 0x00000000a7e00000|  0%| F|  |TAMS 0x00000000a7d00000| PB 0x00000000a7d00000| Untracked 
|  96|0x00000000a7e00000, 0x00000000a7e00000, 0x00000000a7f00000|  0%| F|  |TAMS 0x00000000a7e00000| PB 0x00000000a7e00000| Untracked 
|  97|0x00000000a7f00000, 0x00000000a7f00000, 0x00000000a8000000|  0%| F|  |TAMS 0x00000000a7f00000| PB 0x00000000a7f00000| Untracked 
|  98|0x00000000a8000000, 0x00000000a8000000, 0x00000000a8100000|  0%| F|  |TAMS 0x00000000a8000000| PB 0x00000000a8000000| Untracked 
|  99|0x00000000a8100000, 0x00000000a8100000, 0x00000000a8200000|  0%| F|  |TAMS 0x00000000a8100000| PB 0x00000000a8100000| Untracked 
| 100|0x00000000a8200000, 0x00000000a8200000, 0x00000000a8300000|  0%| F|  |TAMS 0x00000000a8200000| PB 0x00000000a8200000| Untracked 
| 101|0x00000000a8300000, 0x00000000a8300000, 0x00000000a8400000|  0%| F|  |TAMS 0x00000000a8300000| PB 0x00000000a8300000| Untracked 
| 102|0x00000000a8400000, 0x00000000a8400000, 0x00000000a8500000|  0%| F|  |TAMS 0x00000000a8400000| PB 0x00000000a8400000| Untracked 
| 103|0x00000000a8500000, 0x00000000a8500000, 0x00000000a8600000|  0%| F|  |TAMS 0x00000000a8500000| PB 0x00000000a8500000| Untracked 
| 104|0x00000000a8600000, 0x00000000a8600000, 0x00000000a8700000|  0%| F|  |TAMS 0x00000000a8600000| PB 0x00000000a8600000| Untracked 
| 105|0x00000000a8700000, 0x00000000a8780800, 0x00000000a8800000| 50%| E|  |TAMS 0x00000000a8700000| PB 0x00000000a8700000| Complete 
| 106|0x00000000a8800000, 0x00000000a8900000, 0x00000000a8900000|100%| E|CS|TAMS 0x00000000a8800000| PB 0x00000000a8800000| Complete 
| 107|0x00000000a8900000, 0x00000000a8a00000, 0x00000000a8a00000|100%| E|CS|TAMS 0x00000000a8900000| PB 0x00000000a8900000| Complete 

Card table byte_map: [0x000002765f990000,0x000002765fc90000] _byte_map_base: 0x000002765f481000

Marking Bits: (CMBitMap*) 0x0000027645ff8520
 Bits: [0x000002765fc90000, 0x0000027661418000)

Polling page: 0x0000027646070000

Metaspace:

Usage:
  Non-class:     17.16 MB used.
      Class:      2.11 MB used.
       Both:     19.27 MB used.

Virtual space:
  Non-class space:       64.00 MB reserved,      17.31 MB ( 27%) committed,  1 nodes.
      Class space:        1.00 GB reserved,       2.25 MB ( <1%) committed,  1 nodes.
             Both:        1.06 GB reserved,      19.56 MB (  2%) committed. 

Chunk freelists:
   Non-Class:  14.02 MB
       Class:  13.64 MB
        Both:  27.66 MB

MaxMetaspaceSize: unlimited
CompressedClassSpaceSize: 1.00 GB
Initial GC threshold: 21.00 MB
Current GC threshold: 21.00 MB
CDS: on
 - commit_granule_bytes: 65536.
 - commit_granule_words: 8192.
 - virtual_space_node_default_size: 8388608.
 - enlarge_chunks_in_place: 1.
 - use_allocation_guard: 0.


Internal statistics:

num_allocs_failed_limit: 0.
num_arena_births: 198.
num_arena_deaths: 0.
num_vsnodes_births: 2.
num_vsnodes_deaths: 0.
num_space_committed: 313.
num_space_uncommitted: 0.
num_chunks_returned_to_freelist: 0.
num_chunks_taken_from_freelist: 877.
num_chunk_merges: 0.
num_chunk_splits: 619.
num_chunks_enlarged: 500.
num_inconsistent_stats: 0.

CodeHeap 'non-profiled nmethods': size=120000Kb used=2854Kb max_used=2854Kb free=117145Kb
 bounds [0x00000276576e0000, 0x00000276579b0000, 0x000002765ec10000]
CodeHeap 'profiled nmethods': size=120000Kb used=11250Kb max_used=11250Kb free=108750Kb
 bounds [0x000002764fc10000, 0x0000027650710000, 0x0000027657140000]
CodeHeap 'non-nmethods': size=5760Kb used=1410Kb max_used=1451Kb free=4350Kb
 bounds [0x0000027657140000, 0x00000276573b0000, 0x00000276576e0000]
 total_blobs=5627 nmethods=5124 adapters=407
 compilation: enabled
              stopped_count=0, restarted_count=0
 full_count=0

Compilation events (20 events):
Event: 6.437 Thread 0x0000027663eacfb0 nmethod 5119 0x0000027650709610 code [0x00000276507097c0, 0x0000027650709ab8]
Event: 6.437 Thread 0x0000027663eacfb0 5120   !   3       java.lang.invoke.MethodHandles$Lookup$ClassDefiner::defineClass (213 bytes)
Event: 6.439 Thread 0x0000027663eacfb0 nmethod 5120 0x0000027650709b90 code [0x0000027650709e00, 0x000002765070a7e0]
Event: 6.439 Thread 0x0000027663eacfb0 5121       3       java.lang.invoke.MethodHandles$Lookup$ClassFile::newInstanceNoCheck (11 bytes)
Event: 6.439 Thread 0x0000027663eacfb0 nmethod 5121 0x000002765070ac90 code [0x000002765070ae40, 0x000002765070b100]
Event: 6.439 Thread 0x0000027663eacfb0 5122       3       java.lang.invoke.MethodHandles$Lookup::makeHiddenClassDefiner (20 bytes)
Event: 6.439 Thread 0x0000027663eacfb0 nmethod 5122 0x000002765070b210 code [0x000002765070b3e0, 0x000002765070b6f8]
Event: 6.442 Thread 0x0000027663eacfb0 5123       3       jdk.internal.misc.VM::isSystemDomainLoader (17 bytes)
Event: 6.442 Thread 0x0000027663eacfb0 nmethod 5123 0x000002765070b890 code [0x000002765070ba60, 0x000002765070bde8]
Event: 6.443 Thread 0x0000027663eacfb0 5124       3       java.lang.ClassLoader::getPlatformClassLoader (21 bytes)
Event: 6.443 Thread 0x0000027663eacfb0 nmethod 5124 0x000002765070bf10 code [0x000002765070c0e0, 0x000002765070c378]
Event: 6.443 Thread 0x0000027663eacfb0 5125       3       java.lang.ClassLoader::getBuiltinPlatformClassLoader (4 bytes)
Event: 6.443 Thread 0x0000027663eacfb0 nmethod 5125 0x000002765070c490 code [0x000002765070c640, 0x000002765070c790]
Event: 6.506 Thread 0x0000027668c939c0 nmethod 5098 0x00000276579a3690 code [0x00000276579a3a80, 0x00000276579a6cd0]
Event: 6.506 Thread 0x0000027668c939c0 5099       4       java.util.jar.Attributes$Name::hash (148 bytes)
Event: 6.509 Thread 0x0000027668c939c0 nmethod 5099 0x00000276579a8790 code [0x00000276579a8940, 0x00000276579a8c38]
Event: 6.509 Thread 0x0000027668c939c0 5087       4       java.util.jar.Manifest$FastInputStream::peek (38 bytes)
Event: 6.510 Thread 0x0000027668c939c0 nmethod 5087 0x00000276579a8f10 code [0x00000276579a90a0, 0x00000276579a91b8]
Event: 6.510 Thread 0x0000027668c939c0 5083   !   4       jdk.internal.ref.PhantomCleanable::remove (60 bytes)
Event: 6.514 Thread 0x0000027668c939c0 nmethod 5083 0x00000276579a9290 code [0x00000276579a9440, 0x00000276579a99a0]

GC Heap History (10 events):
Event: 0.998 GC heap before
{Heap before GC invocations=0 (full 0):
 garbage-first heap   total 98304K, used 23552K [0x00000000a1e00000, 0x0000000100000000)
  region size 1024K, 23 young (23552K), 0 survivors (0K)
 Metaspace       used 5813K, committed 6016K, reserved 1114112K
  class space    used 673K, committed 768K, reserved 1048576K
}
Event: 1.009 GC heap after
{Heap after GC invocations=1 (full 0):
 garbage-first heap   total 98304K, used 3855K [0x00000000a1e00000, 0x0000000100000000)
  region size 1024K, 3 young (3072K), 3 survivors (3072K)
 Metaspace       used 5813K, committed 6016K, reserved 1114112K
  class space    used 673K, committed 768K, reserved 1048576K
}
Event: 1.752 GC heap before
{Heap before GC invocations=1 (full 0):
 garbage-first heap   total 98304K, used 34575K [0x00000000a1e00000, 0x0000000100000000)
  region size 1024K, 33 young (33792K), 3 survivors (3072K)
 Metaspace       used 10628K, committed 10752K, reserved 1114112K
  class space    used 1268K, committed 1344K, reserved 1048576K
}
Event: 1.763 GC heap after
{Heap after GC invocations=2 (full 0):
 garbage-first heap   total 98304K, used 6409K [0x00000000a1e00000, 0x0000000100000000)
  region size 1024K, 3 young (3072K), 3 survivors (3072K)
 Metaspace       used 10628K, committed 10752K, reserved 1114112K
  class space    used 1268K, committed 1344K, reserved 1048576K
}
Event: 3.285 GC heap before
{Heap before GC invocations=2 (full 0):
 garbage-first heap   total 98304K, used 61705K [0x00000000a1e00000, 0x0000000100000000)
  region size 1024K, 57 young (58368K), 3 survivors (3072K)
 Metaspace       used 16102K, committed 16384K, reserved 1114112K
  class space    used 1868K, committed 1984K, reserved 1048576K
}
Event: 3.305 GC heap after
{Heap after GC invocations=3 (full 0):
 garbage-first heap   total 98304K, used 13114K [0x00000000a1e00000, 0x0000000100000000)
  region size 1024K, 8 young (8192K), 8 survivors (8192K)
 Metaspace       used 16102K, committed 16384K, reserved 1114112K
  class space    used 1868K, committed 1984K, reserved 1048576K
}
Event: 4.615 GC heap before
{Heap before GC invocations=3 (full 0):
 garbage-first heap   total 110592K, used 96058K [0x00000000a1e00000, 0x0000000100000000)
  region size 1024K, 57 young (58368K), 8 survivors (8192K)
 Metaspace       used 17548K, committed 17856K, reserved 1114112K
  class space    used 1988K, committed 2112K, reserved 1048576K
}
Event: 4.635 GC heap after
{Heap after GC invocations=4 (full 0):
 garbage-first heap   total 110592K, used 16896K [0x00000000a1e00000, 0x0000000100000000)
  region size 1024K, 4 young (4096K), 4 survivors (4096K)
 Metaspace       used 17548K, committed 17856K, reserved 1114112K
  class space    used 1988K, committed 2112K, reserved 1048576K
}
Event: 6.345 GC heap before
{Heap before GC invocations=4 (full 0):
 garbage-first heap   total 110592K, used 79360K [0x00000000a1e00000, 0x0000000100000000)
  region size 1024K, 64 young (65536K), 4 survivors (4096K)
 Metaspace       used 19466K, committed 19840K, reserved 1114112K
  class space    used 2136K, committed 2304K, reserved 1048576K
}
Event: 6.355 GC heap after
{Heap after GC invocations=5 (full 0):
 garbage-first heap   total 110592K, used 20480K [0x00000000a1e00000, 0x0000000100000000)
  region size 1024K, 7 young (7168K), 7 survivors (7168K)
 Metaspace       used 19466K, committed 19840K, reserved 1114112K
  class space    used 2136K, committed 2304K, reserved 1048576K
}

Dll operation events (8 events):
Event: 0.015 Loaded shared library C:\Program Files\Java\jdk-21\bin\java.dll
Event: 0.061 Loaded shared library C:\Program Files\Java\jdk-21\bin\jsvml.dll
Event: 0.077 Loaded shared library C:\Program Files\Java\jdk-21\bin\net.dll
Event: 0.080 Loaded shared library C:\Program Files\Java\jdk-21\bin\nio.dll
Event: 0.085 Loaded shared library C:\Program Files\Java\jdk-21\bin\zip.dll
Event: 0.283 Loaded shared library C:\Program Files\Java\jdk-21\bin\jimage.dll
Event: 0.408 Loaded shared library C:\workspace\apache-maven-3.9.6-bin\apache-maven-3.9.6\lib\jansi-native\Windows\x86_64\jansi.dll
Event: 0.424 Loaded shared library C:\Program Files\Java\jdk-21\bin\verify.dll

Deoptimization events (20 events):
Event: 6.418 Thread 0x0000027645d64940 Uncommon trap: trap_request=0xffffffde fr.pc=0x0000027657971914 relative=0x0000000000000074
Event: 6.418 Thread 0x0000027645d64940 Uncommon trap: reason=class_check action=maybe_recompile pc=0x0000027657971914 method=java.util.Collections$UnmodifiableMap.size()I @ 4 c2
Event: 6.418 Thread 0x0000027645d64940 DEOPT PACKING pc=0x0000027657971914 sp=0x0000009bbacfdd90
Event: 6.418 Thread 0x0000027645d64940 DEOPT UNPACKING pc=0x00000276571946a2 sp=0x0000009bbacfdd18 mode 2
Event: 6.421 Thread 0x0000027645d64940 Uncommon trap: trap_request=0xffffffbe fr.pc=0x00000276577d8d20 relative=0x0000000000001180
Event: 6.421 Thread 0x0000027645d64940 Uncommon trap: reason=profile_predicate action=maybe_recompile pc=0x00000276577d8d20 method=java.util.TimSort.binarySort([Ljava/lang/Object;IIILjava/util/Comparator;)V @ 34 c2
Event: 6.421 Thread 0x0000027645d64940 DEOPT PACKING pc=0x00000276577d8d20 sp=0x0000009bbacfd920
Event: 6.421 Thread 0x0000027645d64940 DEOPT UNPACKING pc=0x00000276571946a2 sp=0x0000009bbacfd8f0 mode 2
Event: 6.421 Thread 0x0000027645d64940 Uncommon trap: trap_request=0xffffffbe fr.pc=0x00000276577d8d20 relative=0x0000000000001180
Event: 6.421 Thread 0x0000027645d64940 Uncommon trap: reason=profile_predicate action=maybe_recompile pc=0x00000276577d8d20 method=java.util.TimSort.binarySort([Ljava/lang/Object;IIILjava/util/Comparator;)V @ 34 c2
Event: 6.421 Thread 0x0000027645d64940 DEOPT PACKING pc=0x00000276577d8d20 sp=0x0000009bbacfd920
Event: 6.421 Thread 0x0000027645d64940 DEOPT UNPACKING pc=0x00000276571946a2 sp=0x0000009bbacfd8f0 mode 2
Event: 6.421 Thread 0x0000027645d64940 Uncommon trap: trap_request=0xffffffbe fr.pc=0x00000276577d8d20 relative=0x0000000000001180
Event: 6.421 Thread 0x0000027645d64940 Uncommon trap: reason=profile_predicate action=maybe_recompile pc=0x00000276577d8d20 method=java.util.TimSort.binarySort([Ljava/lang/Object;IIILjava/util/Comparator;)V @ 34 c2
Event: 6.421 Thread 0x0000027645d64940 DEOPT PACKING pc=0x00000276577d8d20 sp=0x0000009bbacfd920
Event: 6.421 Thread 0x0000027645d64940 DEOPT UNPACKING pc=0x00000276571946a2 sp=0x0000009bbacfd8f0 mode 2
Event: 6.421 Thread 0x0000027645d64940 Uncommon trap: trap_request=0xffffffbe fr.pc=0x00000276577d8d20 relative=0x0000000000001180
Event: 6.421 Thread 0x0000027645d64940 Uncommon trap: reason=profile_predicate action=maybe_recompile pc=0x00000276577d8d20 method=java.util.TimSort.binarySort([Ljava/lang/Object;IIILjava/util/Comparator;)V @ 34 c2
Event: 6.421 Thread 0x0000027645d64940 DEOPT PACKING pc=0x00000276577d8d20 sp=0x0000009bbacfd920
Event: 6.421 Thread 0x0000027645d64940 DEOPT UNPACKING pc=0x00000276571946a2 sp=0x0000009bbacfd8f0 mode 2

Classes loaded (20 events):
Event: 6.441 Loading class jdk/internal/logger/LazyLoggers$1
Event: 6.441 Loading class jdk/internal/logger/LazyLoggers$1 done
Event: 6.441 Loading class jdk/internal/logger/LazyLoggers$LazyLoggerFactories
Event: 6.441 Loading class jdk/internal/logger/LazyLoggers$LazyLoggerFactories done
Event: 6.442 Loading class jdk/internal/logger/LoggerFinderLoader
Event: 6.442 Loading class jdk/internal/logger/LoggerFinderLoader done
Event: 6.443 Loading class sun/util/logging/internal/LoggingProviderImpl$JULWrapper
Event: 6.443 Loading class sun/util/logging/PlatformLogger$ConfigurableBridge$LoggerConfiguration
Event: 6.444 Loading class sun/util/logging/PlatformLogger$ConfigurableBridge$LoggerConfiguration done
Event: 6.444 Loading class sun/util/logging/internal/LoggingProviderImpl$JULWrapper done
Event: 6.444 Loading class java/lang/System$Logger$Level
Event: 6.444 Loading class java/lang/System$Logger$Level done
Event: 6.445 Loading class sun/misc/Signal
Event: 6.445 Loading class sun/misc/Signal done
Event: 6.445 Loading class sun/misc/SignalHandler
Event: 6.445 Loading class sun/misc/SignalHandler done
Event: 6.446 Loading class sun/misc/Signal$InternalMiscHandler
Event: 6.448 Loading class sun/misc/Signal$InternalMiscHandler done
Event: 6.448 Loading class sun/misc/Signal$SunMiscHandler
Event: 6.448 Loading class sun/misc/Signal$SunMiscHandler done

Classes unloaded (0 events):
No events

Classes redefined (0 events):
No events

Internal exceptions (20 events):
Event: 2.306 Thread 0x0000027645d64940 Implicit null exception at 0x0000027657794524 to 0x0000027657794b70
Event: 2.306 Thread 0x0000027645d64940 Implicit null exception at 0x000002765771f2a0 to 0x000002765771f8ec
Event: 2.439 Thread 0x0000027645d64940 Exception <a 'java/lang/NoSuchMethodError'{0x00000000a696efe0}: 'void java.lang.invoke.DirectMethodHandle$Holder.invokeVirtual(java.lang.Object, java.lang.Object, int)'> (0x00000000a696efe0) 
thrown [s\open\src\hotspot\share\interpreter\linkResolver.cpp, line 773]
Event: 2.440 Thread 0x0000027645d64940 Exception <a 'java/lang/NoSuchMethodError'{0x00000000a6975fb0}: 'void java.lang.invoke.DelegatingMethodHandle$Holder.reinvoke_L(java.lang.Object, java.lang.Object, int)'> (0x00000000a6975fb0) 
thrown [s\open\src\hotspot\share\interpreter\linkResolver.cpp, line 773]
Event: 2.969 Thread 0x0000027645d64940 Implicit null exception at 0x00000276578173c8 to 0x0000027657818754
Event: 2.969 Thread 0x0000027645d64940 Implicit null exception at 0x000002765780769a to 0x00000276578078b0
Event: 2.969 Thread 0x0000027645d64940 Implicit null exception at 0x00000276577f430d to 0x00000276577f4b74
Event: 2.975 Thread 0x0000027645d64940 Exception <a 'java/lang/NoSuchMethodError'{0x00000000a51a59d0}: 'int java.lang.invoke.DirectMethodHandle$Holder.invokeSpecialIFC(java.lang.Object, java.lang.Object, java.lang.Object, java.lang.Object)'> (0x00000000a51a59d0) 
thrown [s\open\src\hotspot\share\interpreter\linkResolver.cpp, line 773]
Event: 3.989 Thread 0x0000027645d64940 Implicit null exception at 0x000002765775e3bd to 0x000002765775e441
Event: 4.184 Thread 0x0000027645d64940 Exception <a 'java/lang/NoSuchMethodError'{0x00000000a5c5c4a8}: 'java.lang.Object java.lang.invoke.DirectMethodHandle$Holder.newInvokeSpecial(java.lang.Object, java.lang.Object, java.lang.Object, java.lang.Object, java.lang.Object, java.lang.Object, java.lang.Object)'> (0x00000000a5c5c4a8) 
thrown [s\open\src\hotspot\share\interpreter\linkResolver.cpp, line 773]
Event: 4.425 Thread 0x0000027645d64940 Implicit null exception at 0x00000276578d875f to 0x00000276578d8f0c
Event: 4.433 Thread 0x0000027645d64940 Exception <a 'java/lang/NoSuchMethodError'{0x00000000a53e53d8}: 'java.lang.Object java.lang.invoke.DirectMethodHandle$Holder.invokeVirtual(java.lang.Object, java.lang.Object, java.lang.Object)'> (0x00000000a53e53d8) 
thrown [s\open\src\hotspot\share\interpreter\linkResolver.cpp, line 773]
Event: 4.434 Thread 0x0000027645d64940 Exception <a 'java/lang/NoSuchMethodError'{0x00000000a53ebc50}: 'void java.lang.invoke.DirectMethodHandle$Holder.invokeSpecial(java.lang.Object, java.lang.Object, java.lang.Object, java.lang.Object, java.lang.Object, java.lang.Object)'> (0x00000000a53ebc50) 
thrown [s\open\src\hotspot\share\interpreter\linkResolver.cpp, line 773]
Event: 4.435 Thread 0x0000027645d64940 Exception <a 'java/lang/NoSuchMethodError'{0x00000000a53f5df0}: 'int java.lang.invoke.DirectMethodHandle$Holder.invokeVirtual(java.lang.Object, java.lang.Object)'> (0x00000000a53f5df0) 
thrown [s\open\src\hotspot\share\interpreter\linkResolver.cpp, line 773]
Event: 4.455 Thread 0x0000027645d64940 Exception <a 'java/lang/NoSuchMethodError'{0x00000000a52c4330}: 'void java.lang.invoke.Invokers$Holder.invokeExact_MT(java.lang.Object, java.lang.Object, int, java.lang.Object)'> (0x00000000a52c4330) 
thrown [s\open\src\hotspot\share\interpreter\linkResolver.cpp, line 773]
Event: 6.197 Thread 0x0000027645d64940 Exception <a 'java/lang/NoClassDefFoundError'{0x00000000a53aafa0}: org/sonatype/aether/version/VersionConstraint> (0x00000000a53aafa0) 
thrown [s\open\src\hotspot\share\classfile\systemDictionary.cpp, line 301]
Event: 6.434 Thread 0x0000027645d64940 Exception <a 'java/lang/NoSuchMethodError'{0x00000000a8743d08}: 'void java.lang.invoke.DirectMethodHandle$Holder.invokeStatic(java.lang.Object, long)'> (0x00000000a8743d08) 
thrown [s\open\src\hotspot\share\interpreter\linkResolver.cpp, line 773]
Event: 6.435 Thread 0x0000027645d64940 Exception <a 'java/lang/NoSuchMethodError'{0x00000000a8748a90}: 'java.lang.Object java.lang.invoke.DirectMethodHandle$Holder.newInvokeSpecial(java.lang.Object, long)'> (0x00000000a8748a90) 
thrown [s\open\src\hotspot\share\interpreter\linkResolver.cpp, line 773]
Event: 6.436 Thread 0x0000027645d64940 Exception <a 'java/lang/NoSuchMethodError'{0x00000000a874f548}: 'java.lang.Object java.lang.invoke.DirectMethodHandle$Holder.invokeStatic(java.lang.Object, long, java.lang.Object)'> (0x00000000a874f548) 
thrown [s\open\src\hotspot\share\interpreter\linkResolver.cpp, line 773]
Event: 6.437 Thread 0x0000027645d64940 Exception <a 'java/lang/NoSuchMethodError'{0x00000000a8752cd0}: 'java.lang.Object java.lang.invoke.DirectMethodHandle$Holder.invokeStaticInit(java.lang.Object, long, java.lang.Object)'> (0x00000000a8752cd0) 
thrown [s\open\src\hotspot\share\interpreter\linkResolver.cpp, line 773]

ZGC Phase Switch (0 events):
No events

VM Operations (20 events):
Event: 2.217 Executing VM operation: HandshakeAllThreads (Deoptimize)
Event: 2.217 Executing VM operation: HandshakeAllThreads (Deoptimize) done
Event: 2.268 Executing VM operation: HandshakeAllThreads (Deoptimize)
Event: 2.268 Executing VM operation: HandshakeAllThreads (Deoptimize) done
Event: 2.443 Executing VM operation: ICBufferFull
Event: 2.443 Executing VM operation: ICBufferFull done
Event: 2.880 Executing VM operation: ICBufferFull
Event: 2.880 Executing VM operation: ICBufferFull done
Event: 3.285 Executing VM operation: G1CollectForAllocation (G1 Evacuation Pause)
Event: 3.305 Executing VM operation: G1CollectForAllocation (G1 Evacuation Pause) done
Event: 3.950 Executing VM operation: ICBufferFull
Event: 3.950 Executing VM operation: ICBufferFull done
Event: 4.419 Executing VM operation: ICBufferFull
Event: 4.419 Executing VM operation: ICBufferFull done
Event: 4.615 Executing VM operation: G1CollectForAllocation (G1 Evacuation Pause)
Event: 4.635 Executing VM operation: G1CollectForAllocation (G1 Evacuation Pause) done
Event: 5.414 Executing VM operation: ICBufferFull
Event: 5.414 Executing VM operation: ICBufferFull done
Event: 6.345 Executing VM operation: G1CollectForAllocation (G1 Evacuation Pause)
Event: 6.355 Executing VM operation: G1CollectForAllocation (G1 Evacuation Pause) done

Events (16 events):
Event: 0.035 Thread 0x0000027645d64940 Thread added: 0x0000027645d64940
Event: 0.052 Thread 0x0000027663e9e710 Thread added: 0x0000027663e9e710
Event: 0.052 Thread 0x0000027663e9f170 Thread added: 0x0000027663e9f170
Event: 0.053 Thread 0x0000027663ea1b20 Thread added: 0x0000027663ea1b20
Event: 0.053 Thread 0x0000027663ea28e0 Thread added: 0x0000027663ea28e0
Event: 0.053 Thread 0x0000027663ea5350 Thread added: 0x0000027663ea5350
Event: 0.053 Thread 0x0000027663ea6010 Thread added: 0x0000027663ea6010
Event: 0.053 Thread 0x0000027663eac510 Thread added: 0x0000027663eac510
Event: 0.054 Thread 0x0000027663eacfb0 Thread added: 0x0000027663eacfb0
Event: 0.071 Thread 0x000002766822e600 Thread added: 0x000002766822e600
Event: 0.073 Thread 0x000002766822f240 Thread added: 0x000002766822f240
Event: 0.238 Thread 0x00000276683a38c0 Thread added: 0x00000276683a38c0
Event: 0.400 Thread 0x00000276683a38c0 Thread exited: 0x00000276683a38c0
Event: 0.926 Thread 0x0000027668c939c0 Thread added: 0x0000027668c939c0
Event: 0.940 Thread 0x0000027668d7a5c0 Thread added: 0x0000027668d7a5c0
Event: 1.795 Thread 0x0000027668d7a5c0 Thread exited: 0x0000027668d7a5c0


Dynamic libraries:
0x00007ff7518d0000 - 0x00007ff7518e0000 	C:\Program Files\Java\jdk-21\bin\java.exe
0x00007ff931e70000 - 0x00007ff932086000 	C:\WINDOWS\SYSTEM32\ntdll.dll
0x00007ff930390000 - 0x00007ff930454000 	C:\WINDOWS\System32\KERNEL32.DLL
0x00007ff92f700000 - 0x00007ff92faa7000 	C:\WINDOWS\System32\KERNELBASE.dll
0x00007ff92f160000 - 0x00007ff92f271000 	C:\WINDOWS\System32\ucrtbase.dll
0x00007ff91cc60000 - 0x00007ff91cc79000 	C:\Program Files\Java\jdk-21\bin\jli.dll
0x00007ff91cc40000 - 0x00007ff91cc5b000 	C:\Program Files\Java\jdk-21\bin\VCRUNTIME140.dll
0x00007ff9300b0000 - 0x00007ff930162000 	C:\WINDOWS\System32\ADVAPI32.dll
0x00007ff930460000 - 0x00007ff930507000 	C:\WINDOWS\System32\msvcrt.dll
0x00007ff930c70000 - 0x00007ff930d18000 	C:\WINDOWS\System32\sechost.dll
0x00007ff92f560000 - 0x00007ff92f588000 	C:\WINDOWS\System32\bcrypt.dll
0x00007ff931c80000 - 0x00007ff931d95000 	C:\WINDOWS\System32\RPCRT4.dll
0x00007ff930ab0000 - 0x00007ff930c5e000 	C:\WINDOWS\System32\USER32.dll
0x00007ff92f280000 - 0x00007ff92f2a6000 	C:\WINDOWS\System32\win32u.dll
0x00007ff918f60000 - 0x00007ff9191f3000 	C:\WINDOWS\WinSxS\amd64_microsoft.windows.common-controls_6595b64144ccf1df_6.0.22621.3235_none_270f74e173860f98\COMCTL32.dll
0x00007ff930600000 - 0x00007ff930629000 	C:\WINDOWS\System32\GDI32.dll
0x00007ff92f3a0000 - 0x00007ff92f4b9000 	C:\WINDOWS\System32\gdi32full.dll
0x00007ff92f4c0000 - 0x00007ff92f55a000 	C:\WINDOWS\System32\msvcp_win.dll
0x00007ff927e50000 - 0x00007ff927e5a000 	C:\WINDOWS\SYSTEM32\VERSION.dll
0x00007ff931c40000 - 0x00007ff931c71000 	C:\WINDOWS\System32\IMM32.DLL
0x00007ff925eb0000 - 0x00007ff925ebc000 	C:\Program Files\Java\jdk-21\bin\vcruntime140_1.dll
0x00007ff8f1a50000 - 0x00007ff8f1ade000 	C:\Program Files\Java\jdk-21\bin\msvcp140.dll
0x00007ff881fb0000 - 0x00007ff882cc3000 	C:\Program Files\Java\jdk-21\bin\server\jvm.dll
0x00007ff931ac0000 - 0x00007ff931b31000 	C:\WINDOWS\System32\WS2_32.dll
0x00007ff92f030000 - 0x00007ff92f07d000 	C:\WINDOWS\SYSTEM32\POWRPROF.dll
0x00007ff925cf0000 - 0x00007ff925d24000 	C:\WINDOWS\SYSTEM32\WINMM.dll
0x00007ff92ef60000 - 0x00007ff92ef73000 	C:\WINDOWS\SYSTEM32\UMPDC.dll
0x00007ff92e1a0000 - 0x00007ff92e1b8000 	C:\WINDOWS\SYSTEM32\kernel.appcore.dll
0x00007ff925e70000 - 0x00007ff925e7a000 	C:\Program Files\Java\jdk-21\bin\jimage.dll
0x00007ff92cb20000 - 0x00007ff92cd53000 	C:\WINDOWS\SYSTEM32\DBGHELP.DLL
0x00007ff92fbc0000 - 0x00007ff92ff48000 	C:\WINDOWS\System32\combase.dll
0x00007ff930510000 - 0x00007ff9305e7000 	C:\WINDOWS\System32\OLEAUT32.dll
0x00007ff904690000 - 0x00007ff9046c2000 	C:\WINDOWS\SYSTEM32\dbgcore.DLL
0x00007ff92f320000 - 0x00007ff92f399000 	C:\WINDOWS\System32\bcryptPrimitives.dll
0x00007ff91cb20000 - 0x00007ff91cb3f000 	C:\Program Files\Java\jdk-21\bin\java.dll
0x00007ff930d30000 - 0x00007ff93158c000 	C:\WINDOWS\System32\SHELL32.dll
0x00007ff92d0c0000 - 0x00007ff92d9b9000 	C:\WINDOWS\SYSTEM32\windows.storage.dll
0x00007ff92cf80000 - 0x00007ff92d0be000 	C:\WINDOWS\SYSTEM32\wintypes.dll
0x00007ff931b40000 - 0x00007ff931c33000 	C:\WINDOWS\System32\SHCORE.dll
0x00007ff9308f0000 - 0x00007ff93094e000 	C:\WINDOWS\System32\shlwapi.dll
0x00007ff92f090000 - 0x00007ff92f0b1000 	C:\WINDOWS\SYSTEM32\profapi.dll
0x00007ff8f15c0000 - 0x00007ff8f1697000 	C:\Program Files\Java\jdk-21\bin\jsvml.dll
0x00007ff91ceb0000 - 0x00007ff91cec0000 	C:\Program Files\Java\jdk-21\bin\net.dll
0x00007ff927630000 - 0x00007ff927766000 	C:\WINDOWS\SYSTEM32\WINHTTP.dll
0x00007ff92e610000 - 0x00007ff92e679000 	C:\WINDOWS\system32\mswsock.dll
0x00007ff91ca80000 - 0x00007ff91ca96000 	C:\Program Files\Java\jdk-21\bin\nio.dll
0x00007ff91b090000 - 0x00007ff91b0a8000 	C:\Program Files\Java\jdk-21\bin\zip.dll
0x0000000069ac0000 - 0x0000000069ae4000 	C:\workspace\apache-maven-3.9.6-bin\apache-maven-3.9.6\lib\jansi-native\Windows\x86_64\jansi.dll
0x00007ff91cd00000 - 0x00007ff91cd10000 	C:\Program Files\Java\jdk-21\bin\verify.dll

dbghelp: loaded successfully - version: 4.0.5 - missing functions: none
symbol engine: initialized successfully - sym options: 0x614 - pdb path: .;C:\Program Files\Java\jdk-21\bin;C:\WINDOWS\SYSTEM32;C:\WINDOWS\WinSxS\amd64_microsoft.windows.common-controls_6595b64144ccf1df_6.0.22621.3235_none_270f74e173860f98;C:\Program Files\Java\jdk-21\bin\server;C:\workspace\apache-maven-3.9.6-bin\apache-maven-3.9.6\lib\jansi-native\Windows\x86_64

VM Arguments:
jvm_args: -Dclassworlds.conf=C:\\workspace\\apache-maven-3.9.6-bin\\apache-maven-3.9.6\\bin\\m2.conf -Dmaven.home=C:\\workspace\\apache-maven-3.9.6-bin\\apache-maven-3.9.6 -Dlibrary.jansi.path=C:\\workspace\\apache-maven-3.9.6-bin\\apache-maven-3.9.6\\lib\\jansi-native -Dmaven.multiModuleProjectDirectory=C:\\Users\\Juan Diego Cordoba F\\Documents\\GitHub\\WikiGroupT1 
java_command: org.codehaus.plexus.classworlds.launcher.Launcher spring-boot:run
java_class_path (initial): C:\\workspace\\apache-maven-3.9.6-bin\\apache-maven-3.9.6\\boot\\plexus-classworlds-2.7.0.jar
Launcher Type: SUN_STANDARD

[Global flags]
     intx CICompilerCount                          = 4                                         {product} {ergonomic}
     uint ConcGCThreads                            = 2                                         {product} {ergonomic}
     uint G1ConcRefinementThreads                  = 8                                         {product} {ergonomic}
   size_t G1HeapRegionSize                         = 1048576                                   {product} {ergonomic}
    uintx GCDrainStackTargetSize                   = 64                                        {product} {ergonomic}
   size_t InitialHeapSize                          = 100663296                                 {product} {ergonomic}
   size_t MarkStackSize                            = 4194304                                   {product} {ergonomic}
   size_t MaxHeapSize                              = 1579155456                                {product} {ergonomic}
   size_t MaxNewSize                               = 946864128                                 {product} {ergonomic}
   size_t MinHeapDeltaBytes                        = 1048576                                   {product} {ergonomic}
   size_t MinHeapSize                              = 8388608                                   {product} {ergonomic}
    uintx NonNMethodCodeHeapSize                   = 5839372                                {pd product} {ergonomic}
    uintx NonProfiledCodeHeapSize                  = 122909434                              {pd product} {ergonomic}
    uintx ProfiledCodeHeapSize                     = 122909434                              {pd product} {ergonomic}
    uintx ReservedCodeCacheSize                    = 251658240                              {pd product} {ergonomic}
     bool SegmentedCodeCache                       = true                                      {product} {ergonomic}
   size_t SoftMaxHeapSize                          = 1579155456                             {manageable} {ergonomic}
     bool UseCompressedOops                        = true                           {product lp64_product} {ergonomic}
     bool UseG1GC                                  = true                                      {product} {ergonomic}
     bool UseLargePagesIndividualAllocation        = false                                  {pd product} {ergonomic}

Logging:
Log output configuration:
 #0: stdout all=warning uptime,level,tags foldmultilines=false
 #1: stderr all=off uptime,level,tags foldmultilines=false

Environment Variables:
PATH=C:\Program Files (x86)\VMware\VMware Player\bin\;C:\Program Files\Common Files\Oracle\Java\javapath;C:\Oracle\dbhomeXE\bin;C:\Program Files (x86)\Common Files\Oracle\Java\javapath;C:\Program Files\AdoptOpenJDK\jre-11.0.7.10-hotspot\bin;C:\WINDOWS\system32;C:\WINDOWS;C:\WINDOWS\System32\Wbem;C:\WINDOWS\System32\WindowsPowerShell\v1.0\;C:\WINDOWS\System32\OpenSSH\;C:\Program Files (x86)\dotnet\;C:\Program Files\Java\jdk-19\bin;C:\Program Files\Git\cmd;C:\workspace\apache-maven-3.9.6-bin\apache-maven-3.9.6\bin;C:\Program Files\nodejs\;C:\Users\Juan Diego Cordoba F\AppData\Local\Programs\Python\Python39\Scripts\;C:\Users\Juan Diego Cordoba F\AppData\Local\Programs\Python\Python39\;C:\Users\Juan Diego Cordoba F\AppData\Local\Microsoft\WindowsApps;C:\Users\Juan Diego Cordoba F\AppData\Local\atom\bin;C:\Users\Juan Diego Cordoba F\AppData\Local\Microsoft\WindowsApps;C:\MinGW\bin;C:\Users\Juan Diego Cordoba F\AppData\Local\Programs\Microsoft VS Code\bin;C:\Users\Juan Diego Cordoba F\AppData\Local\GitHubDesktop\bin;C:\Users\Juan Diego Cordoba F\AppData\Roaming\npm
USERNAME=Juan Diego Cordoba F
LANG=en_US.UTF-8
OS=Windows_NT
PROCESSOR_IDENTIFIER=AMD64 Family 23 Model 24 Stepping 1, AuthenticAMD
TMP=C:\Users\JUANDI~1\AppData\Local\Temp
TEMP=C:\Users\JUANDI~1\AppData\Local\Temp




---------------  S Y S T E M  ---------------

OS:
 Windows 11 , 64 bit Build 22621 (10.0.22621.3374)
OS uptime: 3 days 21:29 hours

CPU: total 8 (initial active 8) (8 cores per cpu, 2 threads per core) family 23 model 24 stepping 1 microcode 0x0, cx8, cmov, fxsr, ht, mmx, 3dnowpref, sse, sse2, sse3, ssse3, sse4a, sse4.1, sse4.2, popcnt, lzcnt, tsc, tscinvbit, avx, avx2, aes, clmul, bmi1, bmi2, adx, sha, fma, vzeroupper, clflush, clflushopt, rdtscp, f16c
Processor Information for all 8 processors :
  Max Mhz: 2100, Current Mhz: 2100, Mhz Limit: 2100

Memory: 4k page, system-wide physical 6020M (730M free)
TotalPageFile size 24452M (AvailPageFile size 3M)
current process WorkingSet (physical memory assigned to process): 213M, peak: 213M
current process commit charge ("private bytes"): 255M, peak: 256M

vm_info: Java HotSpot(TM) 64-Bit Server VM (21+35-LTS-2513) for windows-amd64 JRE (21+35-LTS-2513), built on 2023-08-09T20:25:10Z by "mach5one" with MS VC++ 17.1 (VS2022)

END.
