#
# There is insufficient memory for the Java Runtime Environment to continue.
# Native memory allocation (malloc) failed to allocate 896096 bytes for Chunk::new
# Possible reasons:
#   The system is out of physical RAM or swap space
#   The process is running with CompressedOops enabled, and the Java Heap may be blocking the growth of the native heap
# Possible solutions:
#   Reduce memory load on the system
#   Increase physical memory or swap space
#   Check if swap backing store is full
#   Decrease Java heap size (-Xmx/-Xms)
#   Decrease number of Java threads
#   Decrease Java thread stack sizes (-Xss)
#   Set larger code cache with -XX:ReservedCodeCacheSize=
#   JVM is running with Unscaled Compressed Oops mode in which the Java heap is
#     placed in the first 4GB address space. The Java Heap base address is the
#     maximum limit for the native heap growth. Please use -XX:HeapBaseMinAddress
#     to set the Java Heap base and to place the Java Heap above 4GB virtual address.
# This output file may be truncated or incomplete.
#
#  Out of Memory Error (arena.cpp:166), pid=24356, tid=20836
#
# JRE version: Java(TM) SE Runtime Environment (21.0+35) (build 21+35-LTS-2513)
# Java VM: Java HotSpot(TM) 64-Bit Server VM (21+35-LTS-2513, mixed mode, sharing, tiered, compressed oops, compressed class ptrs, g1 gc, windows-amd64)
# No core dump will be written. Minidumps are not enabled by default on client versions of Windows
#

---------------  S U M M A R Y ------------

Command Line: -Dclassworlds.conf=C:\\workspace\\apache-maven-3.9.6-bin\\apache-maven-3.9.6\\bin\\m2.conf -Dmaven.home=C:\\workspace\\apache-maven-3.9.6-bin\\apache-maven-3.9.6 -Dlibrary.jansi.path=C:\\workspace\\apache-maven-3.9.6-bin\\apache-maven-3.9.6\\lib\\jansi-native -Dmaven.multiModuleProjectDirectory=C:\\Users\\Juan Diego Cordoba F\\Documents\\GitHub\\WikiGroupT1 org.codehaus.plexus.classworlds.launcher.Launcher spring-boot:run

Host: AMD Ryzen 5 3500U with Radeon Vega Mobile Gfx  , 8 cores, 5G,  Windows 11 , 64 bit Build 22621 (10.0.22621.3374)
Time: Thu Apr 25 14:33:40 2024 Hora est. Pacífico, Sudamérica elapsed time: 9.801336 seconds (0d 0h 0m 9s)

---------------  T H R E A D  ---------------

Current thread (0x000002226383ccf0):  JavaThread "C2 CompilerThread0" daemon [_thread_in_native, id=20836, stack(0x0000007c81700000,0x0000007c81800000) (1024K)]


Current CompileTask:
C2:   9801 4010   !   4       org.codehaus.plexus.interpolation.StringSearchInterpolator::interpolate (668 bytes)

Stack: [0x0000007c81700000,0x0000007c81800000]
Native frames: (J=compiled Java code, j=interpreted, Vv=VM code, C=native code)
V  [jvm.dll+0x6c8d39]
V  [jvm.dll+0x854091]
V  [jvm.dll+0x85630e]
V  [jvm.dll+0x8569e3]
V  [jvm.dll+0x2809a6]
V  [jvm.dll+0xc3e6d]
V  [jvm.dll+0xc4383]
V  [jvm.dll+0x2f3cbf]
V  [jvm.dll+0x5f3e46]
V  [jvm.dll+0x25291f]
V  [jvm.dll+0x252cef]
V  [jvm.dll+0x24b464]
V  [jvm.dll+0x248cd3]
V  [jvm.dll+0x1c9b91]
V  [jvm.dll+0x2583e9]
V  [jvm.dll+0x2569ca]
V  [jvm.dll+0x3eef66]
V  [jvm.dll+0x7fd2c8]
V  [jvm.dll+0x6c748d]
C  [ucrtbase.dll+0x29333]
C  [KERNEL32.DLL+0x1257d]
C  [ntdll.dll+0x5aa48]


---------------  P R O C E S S  ---------------

Threads class SMR info:
_java_thread_list=0x0000022263a43b10, length=11, elements={
0x00000222478f9630, 0x0000022263834f40, 0x0000022263835e60, 0x0000022263838030,
0x000002226383aaa0, 0x000002226383b500, 0x000002226383bf60, 0x000002226383ccf0,
0x000002226383f220, 0x0000022263a457d0, 0x0000022263a5ffe0
}

Java Threads: ( => current thread )
  0x00000222478f9630 JavaThread "main"                              [_thread_in_native, id=1888, stack(0x0000007c80900000,0x0000007c80a00000) (1024K)]
  0x0000022263834f40 JavaThread "Reference Handler"          daemon [_thread_blocked, id=22832, stack(0x0000007c81100000,0x0000007c81200000) (1024K)]
  0x0000022263835e60 JavaThread "Finalizer"                  daemon [_thread_blocked, id=17592, stack(0x0000007c81200000,0x0000007c81300000) (1024K)]
  0x0000022263838030 JavaThread "Signal Dispatcher"          daemon [_thread_blocked, id=29788, stack(0x0000007c81300000,0x0000007c81400000) (1024K)]
  0x000002226383aaa0 JavaThread "Attach Listener"            daemon [_thread_blocked, id=7476, stack(0x0000007c81400000,0x0000007c81500000) (1024K)]
  0x000002226383b500 JavaThread "Service Thread"             daemon [_thread_blocked, id=6004, stack(0x0000007c81500000,0x0000007c81600000) (1024K)]
  0x000002226383bf60 JavaThread "Monitor Deflation Thread"   daemon [_thread_blocked, id=22792, stack(0x0000007c81600000,0x0000007c81700000) (1024K)]
=>0x000002226383ccf0 JavaThread "C2 CompilerThread0"         daemon [_thread_in_native, id=20836, stack(0x0000007c81700000,0x0000007c81800000) (1024K)]
  0x000002226383f220 JavaThread "C1 CompilerThread0"         daemon [_thread_blocked, id=23372, stack(0x0000007c81800000,0x0000007c81900000) (1024K)]
  0x0000022263a457d0 JavaThread "Notification Thread"        daemon [_thread_blocked, id=17368, stack(0x0000007c81900000,0x0000007c81a00000) (1024K)]
  0x0000022263a5ffe0 JavaThread "Common-Cleaner"             daemon [_thread_blocked, id=22692, stack(0x0000007c81a00000,0x0000007c81b00000) (1024K)]
Total: 11

Other Threads:
  0x0000022263819660 VMThread "VM Thread"                           [id=27448, stack(0x0000007c81000000,0x0000007c81100000) (1024K)]
  0x00000222638037c0 WatcherThread "VM Periodic Task Thread"        [id=30124, stack(0x0000007c80f00000,0x0000007c81000000) (1024K)]
  0x000002224793f780 WorkerThread "GC Thread#0"                     [id=29876, stack(0x0000007c80a00000,0x0000007c80b00000) (1024K)]
  0x000002226869ff80 WorkerThread "GC Thread#1"                     [id=6912, stack(0x0000007c81b00000,0x0000007c81c00000) (1024K)]
  0x00000222688370f0 WorkerThread "GC Thread#2"                     [id=23620, stack(0x0000007c81c00000,0x0000007c81d00000) (1024K)]
  0x00000222688384a0 WorkerThread "GC Thread#3"                     [id=25032, stack(0x0000007c81d00000,0x0000007c81e00000) (1024K)]
  0x0000022268838c50 WorkerThread "GC Thread#4"                     [id=26348, stack(0x0000007c81e00000,0x0000007c81f00000) (1024K)]
  0x00000222688393f0 WorkerThread "GC Thread#5"                     [id=6088, stack(0x0000007c81f00000,0x0000007c82000000) (1024K)]
  0x00000222688815e0 WorkerThread "GC Thread#6"                     [id=29848, stack(0x0000007c82000000,0x0000007c82100000) (1024K)]
  0x0000022268881d90 WorkerThread "GC Thread#7"                     [id=20504, stack(0x0000007c82100000,0x0000007c82200000) (1024K)]
  0x000002224794cd60 ConcurrentGCThread "G1 Main Marker"            [id=27840, stack(0x0000007c80b00000,0x0000007c80c00000) (1024K)]
  0x000002224794e000 WorkerThread "G1 Conc#0"                       [id=21444, stack(0x0000007c80c00000,0x0000007c80d00000) (1024K)]
  0x00000222479be7b0 ConcurrentGCThread "G1 Refine#0"               [id=31052, stack(0x0000007c80d00000,0x0000007c80e00000) (1024K)]
  0x00000222636d3830 ConcurrentGCThread "G1 Service"                [id=27732, stack(0x0000007c80e00000,0x0000007c80f00000) (1024K)]
Total: 14

Threads with active compile tasks:
C2 CompilerThread0     9856 4010   !   4       org.codehaus.plexus.interpolation.StringSearchInterpolator::interpolate (668 bytes)
C1 CompilerThread0     9856 4077       3       java.util.EnumSet::noneOf (63 bytes)
Total: 2

VM state: not at safepoint (normal execution)

VM Mutex/Monitor currently owned by a thread: None

Heap address: 0x00000000a1e00000, size: 1506 MB, Compressed Oops mode: 32-bit

CDS archive(s) mapped at: [0x0000022200000000-0x0000022200c90000-0x0000022200c90000), size 13172736, SharedBaseAddress: 0x0000022200000000, ArchiveRelocationMode: 1.
Compressed class space mapped at: 0x0000022201000000-0x0000022241000000, reserved size: 1073741824
Narrow klass base: 0x0000022200000000, Narrow klass shift: 0, Narrow klass range: 0x100000000

GC Precious Log:
 CardTable entry size: 512
 Card Set container configuration: InlinePtr #cards 5 size 8 Array Of Cards #cards 12 size 40 Howl #buckets 4 coarsen threshold 1843 Howl Bitmap #cards 512 size 80 coarsen threshold 460 Card regions per heap region 1 cards per card region 2048
 CPUs: 8 total, 8 available
 Memory: 6020M
 Large Page Support: Disabled
 NUMA Support: Disabled
 Compressed Oops: Enabled (32-bit)
 Heap Region Size: 1M
 Heap Min Capacity: 8M
 Heap Initial Capacity: 96M
 Heap Max Capacity: 1506M
 Pre-touch: Disabled
 Parallel Workers: 8
 Concurrent Workers: 2
 Concurrent Refinement Workers: 8
 Periodic GC: Disabled

Heap:
 garbage-first heap   total 98304K, used 40147K [0x00000000a1e00000, 0x0000000100000000)
  region size 1024K, 36 young (36864K), 8 survivors (8192K)
 Metaspace       used 16375K, committed 16640K, reserved 1114112K
  class space    used 1869K, committed 1984K, reserved 1048576K

Heap Regions: E=young(eden), S=young(survivor), O=old, HS=humongous(starts), HC=humongous(continues), CS=collection set, F=free, TAMS=top-at-mark-start, PB=parsable bottom
|   0|0x00000000a1e00000, 0x00000000a1f00000, 0x00000000a1f00000|100%| O|  |TAMS 0x00000000a1e00000| PB 0x00000000a1e00000| Untracked 
|   1|0x00000000a1f00000, 0x00000000a2000000, 0x00000000a2000000|100%| O|  |TAMS 0x00000000a1f00000| PB 0x00000000a1f00000| Untracked 
|   2|0x00000000a2000000, 0x00000000a2100000, 0x00000000a2100000|100%| O|  |TAMS 0x00000000a2000000| PB 0x00000000a2000000| Untracked 
|   3|0x00000000a2100000, 0x00000000a2200000, 0x00000000a2200000|100%| O|  |TAMS 0x00000000a2100000| PB 0x00000000a2100000| Untracked 
|   4|0x00000000a2200000, 0x00000000a2234f58, 0x00000000a2300000| 20%| O|  |TAMS 0x00000000a2200000| PB 0x00000000a2200000| Untracked 
|   5|0x00000000a2300000, 0x00000000a2300000, 0x00000000a2400000|  0%| F|  |TAMS 0x00000000a2300000| PB 0x00000000a2300000| Untracked 
|   6|0x00000000a2400000, 0x00000000a2400000, 0x00000000a2500000|  0%| F|  |TAMS 0x00000000a2400000| PB 0x00000000a2400000| Untracked 
|   7|0x00000000a2500000, 0x00000000a2500000, 0x00000000a2600000|  0%| F|  |TAMS 0x00000000a2500000| PB 0x00000000a2500000| Untracked 
|   8|0x00000000a2600000, 0x00000000a2600000, 0x00000000a2700000|  0%| F|  |TAMS 0x00000000a2600000| PB 0x00000000a2600000| Untracked 
|   9|0x00000000a2700000, 0x00000000a2700000, 0x00000000a2800000|  0%| F|  |TAMS 0x00000000a2700000| PB 0x00000000a2700000| Untracked 
|  10|0x00000000a2800000, 0x00000000a2800000, 0x00000000a2900000|  0%| F|  |TAMS 0x00000000a2800000| PB 0x00000000a2800000| Untracked 
|  11|0x00000000a2900000, 0x00000000a2900000, 0x00000000a2a00000|  0%| F|  |TAMS 0x00000000a2900000| PB 0x00000000a2900000| Untracked 
|  12|0x00000000a2a00000, 0x00000000a2a00000, 0x00000000a2b00000|  0%| F|  |TAMS 0x00000000a2a00000| PB 0x00000000a2a00000| Untracked 
|  13|0x00000000a2b00000, 0x00000000a2b00000, 0x00000000a2c00000|  0%| F|  |TAMS 0x00000000a2b00000| PB 0x00000000a2b00000| Untracked 
|  14|0x00000000a2c00000, 0x00000000a2c00000, 0x00000000a2d00000|  0%| F|  |TAMS 0x00000000a2c00000| PB 0x00000000a2c00000| Untracked 
|  15|0x00000000a2d00000, 0x00000000a2d00000, 0x00000000a2e00000|  0%| F|  |TAMS 0x00000000a2d00000| PB 0x00000000a2d00000| Untracked 
|  16|0x00000000a2e00000, 0x00000000a2e00000, 0x00000000a2f00000|  0%| F|  |TAMS 0x00000000a2e00000| PB 0x00000000a2e00000| Untracked 
|  17|0x00000000a2f00000, 0x00000000a2f00000, 0x00000000a3000000|  0%| F|  |TAMS 0x00000000a2f00000| PB 0x00000000a2f00000| Untracked 
|  18|0x00000000a3000000, 0x00000000a3000000, 0x00000000a3100000|  0%| F|  |TAMS 0x00000000a3000000| PB 0x00000000a3000000| Untracked 
|  19|0x00000000a3100000, 0x00000000a3100000, 0x00000000a3200000|  0%| F|  |TAMS 0x00000000a3100000| PB 0x00000000a3100000| Untracked 
|  20|0x00000000a3200000, 0x00000000a3200000, 0x00000000a3300000|  0%| F|  |TAMS 0x00000000a3200000| PB 0x00000000a3200000| Untracked 
|  21|0x00000000a3300000, 0x00000000a3300000, 0x00000000a3400000|  0%| F|  |TAMS 0x00000000a3300000| PB 0x00000000a3300000| Untracked 
|  22|0x00000000a3400000, 0x00000000a3400000, 0x00000000a3500000|  0%| F|  |TAMS 0x00000000a3400000| PB 0x00000000a3400000| Untracked 
|  23|0x00000000a3500000, 0x00000000a3500000, 0x00000000a3600000|  0%| F|  |TAMS 0x00000000a3500000| PB 0x00000000a3500000| Untracked 
|  24|0x00000000a3600000, 0x00000000a3600000, 0x00000000a3700000|  0%| F|  |TAMS 0x00000000a3600000| PB 0x00000000a3600000| Untracked 
|  25|0x00000000a3700000, 0x00000000a3700000, 0x00000000a3800000|  0%| F|  |TAMS 0x00000000a3700000| PB 0x00000000a3700000| Untracked 
|  26|0x00000000a3800000, 0x00000000a3800000, 0x00000000a3900000|  0%| F|  |TAMS 0x00000000a3800000| PB 0x00000000a3800000| Untracked 
|  27|0x00000000a3900000, 0x00000000a3900000, 0x00000000a3a00000|  0%| F|  |TAMS 0x00000000a3900000| PB 0x00000000a3900000| Untracked 
|  28|0x00000000a3a00000, 0x00000000a3a00000, 0x00000000a3b00000|  0%| F|  |TAMS 0x00000000a3a00000| PB 0x00000000a3a00000| Untracked 
|  29|0x00000000a3b00000, 0x00000000a3b00000, 0x00000000a3c00000|  0%| F|  |TAMS 0x00000000a3b00000| PB 0x00000000a3b00000| Untracked 
|  30|0x00000000a3c00000, 0x00000000a3c00000, 0x00000000a3d00000|  0%| F|  |TAMS 0x00000000a3c00000| PB 0x00000000a3c00000| Untracked 
|  31|0x00000000a3d00000, 0x00000000a3e00000, 0x00000000a3e00000|100%| S|CS|TAMS 0x00000000a3d00000| PB 0x00000000a3d00000| Complete 
|  32|0x00000000a3e00000, 0x00000000a3f00000, 0x00000000a3f00000|100%| S|CS|TAMS 0x00000000a3e00000| PB 0x00000000a3e00000| Complete 
|  33|0x00000000a3f00000, 0x00000000a4000000, 0x00000000a4000000|100%| S|CS|TAMS 0x00000000a3f00000| PB 0x00000000a3f00000| Complete 
|  34|0x00000000a4000000, 0x00000000a4100000, 0x00000000a4100000|100%| S|CS|TAMS 0x00000000a4000000| PB 0x00000000a4000000| Complete 
|  35|0x00000000a4100000, 0x00000000a4200000, 0x00000000a4200000|100%| S|CS|TAMS 0x00000000a4100000| PB 0x00000000a4100000| Complete 
|  36|0x00000000a4200000, 0x00000000a4300000, 0x00000000a4300000|100%| S|CS|TAMS 0x00000000a4200000| PB 0x00000000a4200000| Complete 
|  37|0x00000000a4300000, 0x00000000a4400000, 0x00000000a4400000|100%| S|CS|TAMS 0x00000000a4300000| PB 0x00000000a4300000| Complete 
|  38|0x00000000a4400000, 0x00000000a4500000, 0x00000000a4500000|100%| S|CS|TAMS 0x00000000a4400000| PB 0x00000000a4400000| Complete 
|  39|0x00000000a4500000, 0x00000000a4500000, 0x00000000a4600000|  0%| F|  |TAMS 0x00000000a4500000| PB 0x00000000a4500000| Untracked 
|  40|0x00000000a4600000, 0x00000000a4600000, 0x00000000a4700000|  0%| F|  |TAMS 0x00000000a4600000| PB 0x00000000a4600000| Untracked 
|  41|0x00000000a4700000, 0x00000000a4700000, 0x00000000a4800000|  0%| F|  |TAMS 0x00000000a4700000| PB 0x00000000a4700000| Untracked 
|  42|0x00000000a4800000, 0x00000000a4800000, 0x00000000a4900000|  0%| F|  |TAMS 0x00000000a4800000| PB 0x00000000a4800000| Untracked 
|  43|0x00000000a4900000, 0x00000000a4900000, 0x00000000a4a00000|  0%| F|  |TAMS 0x00000000a4900000| PB 0x00000000a4900000| Untracked 
|  44|0x00000000a4a00000, 0x00000000a4a00000, 0x00000000a4b00000|  0%| F|  |TAMS 0x00000000a4a00000| PB 0x00000000a4a00000| Untracked 
|  45|0x00000000a4b00000, 0x00000000a4b00000, 0x00000000a4c00000|  0%| F|  |TAMS 0x00000000a4b00000| PB 0x00000000a4b00000| Untracked 
|  46|0x00000000a4c00000, 0x00000000a4c00000, 0x00000000a4d00000|  0%| F|  |TAMS 0x00000000a4c00000| PB 0x00000000a4c00000| Untracked 
|  47|0x00000000a4d00000, 0x00000000a4d00000, 0x00000000a4e00000|  0%| F|  |TAMS 0x00000000a4d00000| PB 0x00000000a4d00000| Untracked 
|  48|0x00000000a4e00000, 0x00000000a4e00000, 0x00000000a4f00000|  0%| F|  |TAMS 0x00000000a4e00000| PB 0x00000000a4e00000| Untracked 
|  49|0x00000000a4f00000, 0x00000000a4f00000, 0x00000000a5000000|  0%| F|  |TAMS 0x00000000a4f00000| PB 0x00000000a4f00000| Untracked 
|  50|0x00000000a5000000, 0x00000000a5000000, 0x00000000a5100000|  0%| F|  |TAMS 0x00000000a5000000| PB 0x00000000a5000000| Untracked 
|  51|0x00000000a5100000, 0x00000000a5100000, 0x00000000a5200000|  0%| F|  |TAMS 0x00000000a5100000| PB 0x00000000a5100000| Untracked 
|  52|0x00000000a5200000, 0x00000000a5200000, 0x00000000a5300000|  0%| F|  |TAMS 0x00000000a5200000| PB 0x00000000a5200000| Untracked 
|  53|0x00000000a5300000, 0x00000000a5300000, 0x00000000a5400000|  0%| F|  |TAMS 0x00000000a5300000| PB 0x00000000a5300000| Untracked 
|  54|0x00000000a5400000, 0x00000000a5400000, 0x00000000a5500000|  0%| F|  |TAMS 0x00000000a5400000| PB 0x00000000a5400000| Untracked 
|  55|0x00000000a5500000, 0x00000000a5500000, 0x00000000a5600000|  0%| F|  |TAMS 0x00000000a5500000| PB 0x00000000a5500000| Untracked 
|  56|0x00000000a5600000, 0x00000000a5600000, 0x00000000a5700000|  0%| F|  |TAMS 0x00000000a5600000| PB 0x00000000a5600000| Untracked 
|  57|0x00000000a5700000, 0x00000000a5700000, 0x00000000a5800000|  0%| F|  |TAMS 0x00000000a5700000| PB 0x00000000a5700000| Untracked 
|  58|0x00000000a5800000, 0x00000000a5800000, 0x00000000a5900000|  0%| F|  |TAMS 0x00000000a5800000| PB 0x00000000a5800000| Untracked 
|  59|0x00000000a5900000, 0x00000000a5900000, 0x00000000a5a00000|  0%| F|  |TAMS 0x00000000a5900000| PB 0x00000000a5900000| Untracked 
|  60|0x00000000a5a00000, 0x00000000a5a00000, 0x00000000a5b00000|  0%| F|  |TAMS 0x00000000a5a00000| PB 0x00000000a5a00000| Untracked 
|  61|0x00000000a5b00000, 0x00000000a5b00000, 0x00000000a5c00000|  0%| F|  |TAMS 0x00000000a5b00000| PB 0x00000000a5b00000| Untracked 
|  62|0x00000000a5c00000, 0x00000000a5c00000, 0x00000000a5d00000|  0%| F|  |TAMS 0x00000000a5c00000| PB 0x00000000a5c00000| Untracked 
|  63|0x00000000a5d00000, 0x00000000a5d00000, 0x00000000a5e00000|  0%| F|  |TAMS 0x00000000a5d00000| PB 0x00000000a5d00000| Untracked 
|  64|0x00000000a5e00000, 0x00000000a5e00000, 0x00000000a5f00000|  0%| F|  |TAMS 0x00000000a5e00000| PB 0x00000000a5e00000| Untracked 
|  65|0x00000000a5f00000, 0x00000000a5f00000, 0x00000000a6000000|  0%| F|  |TAMS 0x00000000a5f00000| PB 0x00000000a5f00000| Untracked 
|  66|0x00000000a6000000, 0x00000000a6000000, 0x00000000a6100000|  0%| F|  |TAMS 0x00000000a6000000| PB 0x00000000a6000000| Untracked 
|  67|0x00000000a6100000, 0x00000000a6100000, 0x00000000a6200000|  0%| F|  |TAMS 0x00000000a6100000| PB 0x00000000a6100000| Untracked 
|  68|0x00000000a6200000, 0x00000000a6300000, 0x00000000a6300000|100%| E|CS|TAMS 0x00000000a6200000| PB 0x00000000a6200000| Complete 
|  69|0x00000000a6300000, 0x00000000a6400000, 0x00000000a6400000|100%| E|CS|TAMS 0x00000000a6300000| PB 0x00000000a6300000| Complete 
|  70|0x00000000a6400000, 0x00000000a6500000, 0x00000000a6500000|100%| E|CS|TAMS 0x00000000a6400000| PB 0x00000000a6400000| Complete 
|  71|0x00000000a6500000, 0x00000000a6600000, 0x00000000a6600000|100%| E|CS|TAMS 0x00000000a6500000| PB 0x00000000a6500000| Complete 
|  72|0x00000000a6600000, 0x00000000a6700000, 0x00000000a6700000|100%| E|CS|TAMS 0x00000000a6600000| PB 0x00000000a6600000| Complete 
|  73|0x00000000a6700000, 0x00000000a6800000, 0x00000000a6800000|100%| E|CS|TAMS 0x00000000a6700000| PB 0x00000000a6700000| Complete 
|  74|0x00000000a6800000, 0x00000000a6900000, 0x00000000a6900000|100%| E|CS|TAMS 0x00000000a6800000| PB 0x00000000a6800000| Complete 
|  75|0x00000000a6900000, 0x00000000a6a00000, 0x00000000a6a00000|100%| E|CS|TAMS 0x00000000a6900000| PB 0x00000000a6900000| Complete 
|  76|0x00000000a6a00000, 0x00000000a6b00000, 0x00000000a6b00000|100%| E|CS|TAMS 0x00000000a6a00000| PB 0x00000000a6a00000| Complete 
|  77|0x00000000a6b00000, 0x00000000a6c00000, 0x00000000a6c00000|100%| E|CS|TAMS 0x00000000a6b00000| PB 0x00000000a6b00000| Complete 
|  78|0x00000000a6c00000, 0x00000000a6d00000, 0x00000000a6d00000|100%| E|CS|TAMS 0x00000000a6c00000| PB 0x00000000a6c00000| Complete 
|  79|0x00000000a6d00000, 0x00000000a6e00000, 0x00000000a6e00000|100%| E|CS|TAMS 0x00000000a6d00000| PB 0x00000000a6d00000| Complete 
|  80|0x00000000a6e00000, 0x00000000a6f00000, 0x00000000a6f00000|100%| E|CS|TAMS 0x00000000a6e00000| PB 0x00000000a6e00000| Complete 
|  81|0x00000000a6f00000, 0x00000000a7000000, 0x00000000a7000000|100%| E|CS|TAMS 0x00000000a6f00000| PB 0x00000000a6f00000| Complete 
|  82|0x00000000a7000000, 0x00000000a7100000, 0x00000000a7100000|100%| E|CS|TAMS 0x00000000a7000000| PB 0x00000000a7000000| Complete 
|  83|0x00000000a7100000, 0x00000000a7200000, 0x00000000a7200000|100%| E|CS|TAMS 0x00000000a7100000| PB 0x00000000a7100000| Complete 
|  84|0x00000000a7200000, 0x00000000a7300000, 0x00000000a7300000|100%| E|CS|TAMS 0x00000000a7200000| PB 0x00000000a7200000| Complete 
|  85|0x00000000a7300000, 0x00000000a7400000, 0x00000000a7400000|100%| E|CS|TAMS 0x00000000a7300000| PB 0x00000000a7300000| Complete 
|  86|0x00000000a7400000, 0x00000000a7500000, 0x00000000a7500000|100%| E|CS|TAMS 0x00000000a7400000| PB 0x00000000a7400000| Complete 
|  87|0x00000000a7500000, 0x00000000a7600000, 0x00000000a7600000|100%| E|CS|TAMS 0x00000000a7500000| PB 0x00000000a7500000| Complete 
|  88|0x00000000a7600000, 0x00000000a7700000, 0x00000000a7700000|100%| E|CS|TAMS 0x00000000a7600000| PB 0x00000000a7600000| Complete 
|  89|0x00000000a7700000, 0x00000000a7800000, 0x00000000a7800000|100%| E|CS|TAMS 0x00000000a7700000| PB 0x00000000a7700000| Complete 
|  90|0x00000000a7800000, 0x00000000a7900000, 0x00000000a7900000|100%| E|CS|TAMS 0x00000000a7800000| PB 0x00000000a7800000| Complete 
|  91|0x00000000a7900000, 0x00000000a7a00000, 0x00000000a7a00000|100%| E|CS|TAMS 0x00000000a7900000| PB 0x00000000a7900000| Complete 
|  92|0x00000000a7a00000, 0x00000000a7b00000, 0x00000000a7b00000|100%| E|CS|TAMS 0x00000000a7a00000| PB 0x00000000a7a00000| Complete 
|  93|0x00000000a7b00000, 0x00000000a7c00000, 0x00000000a7c00000|100%| E|CS|TAMS 0x00000000a7b00000| PB 0x00000000a7b00000| Complete 
|  94|0x00000000a7c00000, 0x00000000a7d00000, 0x00000000a7d00000|100%| E|CS|TAMS 0x00000000a7c00000| PB 0x00000000a7c00000| Complete 
|  95|0x00000000a7d00000, 0x00000000a7e00000, 0x00000000a7e00000|100%| E|CS|TAMS 0x00000000a7d00000| PB 0x00000000a7d00000| Complete 

Card table byte_map: [0x000002225f380000,0x000002225f680000] _byte_map_base: 0x000002225ee71000

Marking Bits: (CMBitMap*) 0x0000022247940690
 Bits: [0x000002225f680000, 0x0000022260e08000)

Polling page: 0x00000222470c0000

Metaspace:

Usage:
  Non-class:     14.17 MB used.
      Class:      1.83 MB used.
       Both:     15.99 MB used.

Virtual space:
  Non-class space:       64.00 MB reserved,      14.31 MB ( 22%) committed,  1 nodes.
      Class space:        1.00 GB reserved,       1.94 MB ( <1%) committed,  1 nodes.
             Both:        1.06 GB reserved,      16.25 MB (  1%) committed. 

Chunk freelists:
   Non-Class:  1.48 MB
       Class:  13.92 MB
        Both:  15.40 MB

MaxMetaspaceSize: unlimited
CompressedClassSpaceSize: 1.00 GB
Initial GC threshold: 21.00 MB
Current GC threshold: 21.00 MB
CDS: on
 - commit_granule_bytes: 65536.
 - commit_granule_words: 8192.
 - virtual_space_node_default_size: 8388608.
 - enlarge_chunks_in_place: 1.
 - use_allocation_guard: 0.


Internal statistics:

num_allocs_failed_limit: 0.
num_arena_births: 162.
num_arena_deaths: 0.
num_vsnodes_births: 2.
num_vsnodes_deaths: 0.
num_space_committed: 260.
num_space_uncommitted: 0.
num_chunks_returned_to_freelist: 0.
num_chunks_taken_from_freelist: 700.
num_chunk_merges: 0.
num_chunk_splits: 497.
num_chunks_enlarged: 406.
num_inconsistent_stats: 0.

CodeHeap 'non-profiled nmethods': size=120000Kb used=1729Kb max_used=1729Kb free=118270Kb
 bounds [0x0000022257820000, 0x0000022257a90000, 0x000002225ed50000]
CodeHeap 'profiled nmethods': size=120000Kb used=8324Kb max_used=8324Kb free=111675Kb
 bounds [0x000002224fd50000, 0x0000022250580000, 0x0000022257280000]
CodeHeap 'non-nmethods': size=5760Kb used=1401Kb max_used=1430Kb free=4358Kb
 bounds [0x0000022257280000, 0x00000222574f0000, 0x0000022257820000]
 total_blobs=4567 nmethods=4072 adapters=398
 compilation: enabled
              stopped_count=0, restarted_count=0
 full_count=0

Compilation events (20 events):
Event: 9.732 Thread 0x000002226383f220 4055       3       org.eclipse.aether.internal.impl.filter.RemoteRepositoryFilterSourceSupport::isEnabled (35 bytes)
Event: 9.733 Thread 0x000002226383f220 nmethod 4055 0x0000022250565e10 code [0x0000022250566060, 0x00000222505668a0]
Event: 9.749 Thread 0x000002226383f220 4056       3       org.apache.maven.model.building.DefaultModelBuilder::getCache (50 bytes)
Event: 9.750 Thread 0x000002226383f220 nmethod 4056 0x0000022250566c10 code [0x0000022250566e40, 0x0000022250567548]
Event: 9.750 Thread 0x000002226383f220 4057       3       org.apache.maven.repository.internal.DefaultModelCache::get (26 bytes)
Event: 9.751 Thread 0x000002226383f220 nmethod 4057 0x0000022250567790 code [0x0000022250567960, 0x0000022250567ca8]
Event: 9.756 Thread 0x000002226383f220 4058       1       org.apache.maven.model.Model::setIssueManagement (6 bytes)
Event: 9.756 Thread 0x000002226383f220 nmethod 4058 0x00000222579cf190 code [0x00000222579cf320, 0x00000222579cf438]
Event: 9.756 Thread 0x000002226383f220 4059       3       org.apache.maven.model.Reporting::getPlugins (23 bytes)
Event: 9.756 Thread 0x000002226383f220 nmethod 4059 0x0000022250567e90 code [0x0000022250568060, 0x0000022250568450]
Event: 9.756 Thread 0x000002226383f220 4060       3       org.apache.maven.model.ReportPlugin::getReportSets (23 bytes)
Event: 9.757 Thread 0x000002226383f220 nmethod 4060 0x0000022250568590 code [0x0000022250568760, 0x0000022250568b50]
Event: 9.760 Thread 0x000002226383f220 4061       3       org.apache.maven.repository.internal.ArtifactDescriptorUtils::toRemoteRepository (49 bytes)
Event: 9.760 Thread 0x000002226383f220 nmethod 4061 0x0000022250568c90 code [0x0000022250568ea0, 0x00000222505695d0]
Event: 9.763 Thread 0x000002226383f220 4062       3       java.util.TreeSet::add (22 bytes)
Event: 9.763 Thread 0x000002226383f220 nmethod 4062 0x0000022250569810 code [0x00000222505699e0, 0x0000022250569c40]
Event: 9.764 Thread 0x000002226383f220 4063       3       jdk.internal.misc.Unsafe::checkOffset (32 bytes)
Event: 9.764 Thread 0x000002226383f220 nmethod 4063 0x0000022250569d90 code [0x0000022250569f40, 0x000002225056a1c0]
Event: 9.764 Thread 0x000002226383f220 4064       3       jdk.internal.misc.Unsafe::checkNativeAddress (28 bytes)
Event: 9.764 Thread 0x000002226383f220 nmethod 4064 0x000002225056a310 code [0x000002225056a4a0, 0x000002225056a5c0]

GC Heap History (6 events):
Event: 2.921 GC heap before
{Heap before GC invocations=0 (full 0):
 garbage-first heap   total 98304K, used 23552K [0x00000000a1e00000, 0x0000000100000000)
  region size 1024K, 23 young (23552K), 0 survivors (0K)
 Metaspace       used 5830K, committed 6016K, reserved 1114112K
  class space    used 673K, committed 768K, reserved 1048576K
}
Event: 3.121 GC heap after
{Heap after GC invocations=1 (full 0):
 garbage-first heap   total 98304K, used 3856K [0x00000000a1e00000, 0x0000000100000000)
  region size 1024K, 3 young (3072K), 3 survivors (3072K)
 Metaspace       used 5830K, committed 6016K, reserved 1114112K
  class space    used 673K, committed 768K, reserved 1048576K
}
Event: 4.961 GC heap before
{Heap before GC invocations=1 (full 0):
 garbage-first heap   total 98304K, used 28432K [0x00000000a1e00000, 0x0000000100000000)
  region size 1024K, 27 young (27648K), 3 survivors (3072K)
 Metaspace       used 9457K, committed 9664K, reserved 1114112K
  class space    used 1114K, committed 1216K, reserved 1048576K
}
Event: 4.977 GC heap after
{Heap after GC invocations=2 (full 0):
 garbage-first heap   total 98304K, used 5475K [0x00000000a1e00000, 0x0000000100000000)
  region size 1024K, 2 young (2048K), 2 survivors (2048K)
 Metaspace       used 9457K, committed 9664K, reserved 1114112K
  class space    used 1114K, committed 1216K, reserved 1048576K
}
Event: 9.024 GC heap before
{Heap before GC invocations=2 (full 0):
 garbage-first heap   total 98304K, used 60771K [0x00000000a1e00000, 0x0000000100000000)
  region size 1024K, 57 young (58368K), 2 survivors (2048K)
 Metaspace       used 16105K, committed 16384K, reserved 1114112K
  class space    used 1868K, committed 1984K, reserved 1048576K
}
Event: 9.051 GC heap after
{Heap after GC invocations=3 (full 0):
 garbage-first heap   total 98304K, used 12499K [0x00000000a1e00000, 0x0000000100000000)
  region size 1024K, 8 young (8192K), 8 survivors (8192K)
 Metaspace       used 16105K, committed 16384K, reserved 1114112K
  class space    used 1868K, committed 1984K, reserved 1048576K
}

Dll operation events (8 events):
Event: 0.018 Loaded shared library C:\Program Files\Java\jdk-21\bin\java.dll
Event: 0.348 Loaded shared library C:\Program Files\Java\jdk-21\bin\jsvml.dll
Event: 0.368 Loaded shared library C:\Program Files\Java\jdk-21\bin\net.dll
Event: 0.403 Loaded shared library C:\Program Files\Java\jdk-21\bin\nio.dll
Event: 0.418 Loaded shared library C:\Program Files\Java\jdk-21\bin\zip.dll
Event: 1.022 Loaded shared library C:\Program Files\Java\jdk-21\bin\jimage.dll
Event: 1.051 Loaded shared library C:\workspace\apache-maven-3.9.6-bin\apache-maven-3.9.6\lib\jansi-native\Windows\x86_64\jansi.dll
Event: 1.096 Loaded shared library C:\Program Files\Java\jdk-21\bin\verify.dll

Deoptimization events (20 events):
Event: 9.180 Thread 0x00000222478f9630 DEOPT PACKING pc=0x0000022257910958 sp=0x0000007c809fccd0
Event: 9.180 Thread 0x00000222478f9630 DEOPT UNPACKING pc=0x00000222572d46a2 sp=0x0000007c809fcc48 mode 2
Event: 9.180 Thread 0x00000222478f9630 Uncommon trap: trap_request=0xffffffde fr.pc=0x000002225785fbec relative=0x0000000000000e6c
Event: 9.180 Thread 0x00000222478f9630 Uncommon trap: reason=class_check action=maybe_recompile pc=0x000002225785fbec method=java.util.concurrent.ConcurrentHashMap.putVal(Ljava/lang/Object;Ljava/lang/Object;Z)Ljava/lang/Object; @ 242 c2
Event: 9.180 Thread 0x00000222478f9630 DEOPT PACKING pc=0x000002225785fbec sp=0x0000007c809fcc20
Event: 9.180 Thread 0x00000222478f9630 DEOPT UNPACKING pc=0x00000222572d46a2 sp=0x0000007c809fcb90 mode 2
Event: 9.375 Thread 0x00000222478f9630 Uncommon trap: trap_request=0xffffff45 fr.pc=0x000002225797f0b0 relative=0x0000000000002a90
Event: 9.375 Thread 0x00000222478f9630 Uncommon trap: reason=unstable_if action=reinterpret pc=0x000002225797f0b0 method=org.codehaus.plexus.util.xml.pull.MXParser.parseAttribute()C @ 779 c2
Event: 9.375 Thread 0x00000222478f9630 DEOPT PACKING pc=0x000002225797f0b0 sp=0x0000007c809fbf60
Event: 9.375 Thread 0x00000222478f9630 DEOPT UNPACKING pc=0x00000222572d46a2 sp=0x0000007c809fbee8 mode 2
Event: 9.575 Thread 0x00000222478f9630 DEOPT PACKING pc=0x0000022250314014 sp=0x0000007c809fc3b0
Event: 9.575 Thread 0x00000222478f9630 DEOPT UNPACKING pc=0x00000222572d4e42 sp=0x0000007c809fb908 mode 0
Event: 9.611 Thread 0x00000222478f9630 Uncommon trap: trap_request=0xffffffde fr.pc=0x000002225785fbec relative=0x0000000000000e6c
Event: 9.611 Thread 0x00000222478f9630 Uncommon trap: reason=class_check action=maybe_recompile pc=0x000002225785fbec method=java.util.concurrent.ConcurrentHashMap.putVal(Ljava/lang/Object;Ljava/lang/Object;Z)Ljava/lang/Object; @ 242 c2
Event: 9.611 Thread 0x00000222478f9630 DEOPT PACKING pc=0x000002225785fbec sp=0x0000007c809fcc20
Event: 9.611 Thread 0x00000222478f9630 DEOPT UNPACKING pc=0x00000222572d46a2 sp=0x0000007c809fcb90 mode 2
Event: 9.763 Thread 0x00000222478f9630 Uncommon trap: trap_request=0xffffffde fr.pc=0x000002225785fbec relative=0x0000000000000e6c
Event: 9.763 Thread 0x00000222478f9630 Uncommon trap: reason=class_check action=maybe_recompile pc=0x000002225785fbec method=java.util.concurrent.ConcurrentHashMap.putVal(Ljava/lang/Object;Ljava/lang/Object;Z)Ljava/lang/Object; @ 242 c2
Event: 9.763 Thread 0x00000222478f9630 DEOPT PACKING pc=0x000002225785fbec sp=0x0000007c809fcc20
Event: 9.763 Thread 0x00000222478f9630 DEOPT UNPACKING pc=0x00000222572d46a2 sp=0x0000007c809fcb90 mode 2

Classes loaded (20 events):
Event: 7.444 Loading class java/util/StringTokenizer
Event: 7.445 Loading class java/util/StringTokenizer done
Event: 7.447 Loading class java/math/BigDecimal
Event: 7.449 Loading class java/math/BigDecimal done
Event: 7.449 Loading class java/lang/Short$ShortCache
Event: 7.450 Loading class java/lang/Short$ShortCache done
Event: 7.450 Loading class java/lang/Byte$ByteCache
Event: 7.450 Loading class java/lang/Byte$ByteCache done
Event: 8.371 Loading class java/util/stream/MatchOps$MatchKind
Event: 8.372 Loading class java/util/stream/MatchOps$MatchKind done
Event: 8.372 Loading class java/util/stream/MatchOps
Event: 8.372 Loading class java/util/stream/MatchOps done
Event: 8.372 Loading class java/util/stream/MatchOps$MatchOp
Event: 8.373 Loading class java/util/stream/MatchOps$MatchOp done
Event: 8.374 Loading class java/util/stream/MatchOps$BooleanTerminalSink
Event: 8.374 Loading class java/util/stream/MatchOps$BooleanTerminalSink done
Event: 8.375 Loading class java/util/stream/MatchOps$1MatchSink
Event: 8.375 Loading class java/util/stream/MatchOps$1MatchSink done
Event: 8.444 Loading class java/util/LinkedList$LLSpliterator
Event: 8.444 Loading class java/util/LinkedList$LLSpliterator done

Classes unloaded (0 events):
No events

Classes redefined (0 events):
No events

Internal exceptions (20 events):
Event: 5.484 Thread 0x00000222478f9630 Exception <a 'java/lang/NoSuchMethodError'{0x00000000a7668810}: 'long java.lang.invoke.DirectMethodHandle$Holder.invokeStatic(java.lang.Object, java.lang.Object, int)'> (0x00000000a7668810) 
thrown [s\open\src\hotspot\share\interpreter\linkResolver.cpp, line 773]
Event: 5.487 Thread 0x00000222478f9630 Exception <a 'java/lang/NoSuchMethodError'{0x00000000a767b8a8}: 'java.lang.Object java.lang.invoke.DirectMethodHandle$Holder.invokeStatic(java.lang.Object, java.lang.Object, java.lang.Object, java.lang.Object, int)'> (0x00000000a767b8a8) 
thrown [s\open\src\hotspot\share\interpreter\linkResolver.cpp, line 773]
Event: 5.491 Thread 0x00000222478f9630 Exception <a 'java/lang/NoSuchMethodError'{0x00000000a76837c0}: 'java.lang.Object java.lang.invoke.DirectMethodHandle$Holder.invokeSpecial(java.lang.Object, java.lang.Object, java.lang.Object, java.lang.Object, long)'> (0x00000000a76837c0) 
thrown [s\open\src\hotspot\share\interpreter\linkResolver.cpp, line 773]
Event: 5.493 Thread 0x00000222478f9630 Exception <a 'java/lang/NoSuchMethodError'{0x00000000a768f568}: 'java.lang.Object java.lang.invoke.DirectMethodHandle$Holder.invokeSpecial(java.lang.Object, java.lang.Object, java.lang.Object, int, java.lang.Object)'> (0x00000000a768f568) 
thrown [s\open\src\hotspot\share\interpreter\linkResolver.cpp, line 773]
Event: 5.495 Thread 0x00000222478f9630 Exception <a 'java/lang/NoSuchMethodError'{0x00000000a7697688}: 'int java.lang.invoke.DirectMethodHandle$Holder.invokeSpecial(java.lang.Object, java.lang.Object, java.lang.Object, int)'> (0x00000000a7697688) 
thrown [s\open\src\hotspot\share\interpreter\linkResolver.cpp, line 773]
Event: 5.508 Thread 0x00000222478f9630 Implicit null exception at 0x00000222578bc55a to 0x00000222578bc734
Event: 5.511 Thread 0x00000222478f9630 Exception <a 'java/lang/NoSuchMethodError'{0x00000000a76bb758}: 'java.lang.Object java.lang.invoke.Invokers$Holder.invokeExact_MT(java.lang.Object, int, java.lang.Object)'> (0x00000000a76bb758) 
thrown [s\open\src\hotspot\share\interpreter\linkResolver.cpp, line 773]
Event: 5.541 Thread 0x00000222478f9630 Exception <a 'java/lang/NoSuchMethodError'{0x00000000a7543e20}: 'void java.lang.invoke.DirectMethodHandle$Holder.invokeStatic(java.lang.Object, java.lang.Object)'> (0x00000000a7543e20) 
thrown [s\open\src\hotspot\share\interpreter\linkResolver.cpp, line 773]
Event: 6.275 Thread 0x00000222478f9630 Exception <a 'java/lang/NoSuchMethodError'{0x00000000a6eb0c90}: 'void java.lang.invoke.Invokers$Holder.invokeExact_MT(java.lang.Object, java.lang.Object, java.lang.Object, java.lang.Object)'> (0x00000000a6eb0c90) 
thrown [s\open\src\hotspot\share\interpreter\linkResolver.cpp, line 773]
Event: 6.364 Thread 0x00000222478f9630 Exception <a 'java/lang/NoClassDefFoundError'{0x00000000a6d3ae88}: com/google/inject/servlet/ServletModuleTargetVisitor> (0x00000000a6d3ae88) 
thrown [s\open\src\hotspot\share\classfile\systemDictionary.cpp, line 301]
Event: 6.546 Thread 0x00000222478f9630 Exception <a 'java/lang/NoSuchMethodError'{0x00000000a6cf8820}: 'void java.lang.invoke.DirectMethodHandle$Holder.invokeVirtual(java.lang.Object, java.lang.Object)'> (0x00000000a6cf8820) 
thrown [s\open\src\hotspot\share\interpreter\linkResolver.cpp, line 773]
Event: 6.916 Thread 0x00000222478f9630 Exception <a 'java/lang/NoSuchMethodError'{0x00000000a6b77300}: 'java.lang.Object java.lang.invoke.DirectMethodHandle$Holder.invokeStaticInit(java.lang.Object, int, int, int, int)'> (0x00000000a6b77300) 
thrown [s\open\src\hotspot\share\interpreter\linkResolver.cpp, line 773]
Event: 7.206 Thread 0x00000222478f9630 Implicit null exception at 0x000002225785d0a4 to 0x000002225785d6fc
Event: 7.206 Thread 0x00000222478f9630 Implicit null exception at 0x00000222578630a0 to 0x00000222578636ec
Event: 7.467 Thread 0x00000222478f9630 Exception <a 'java/lang/NoSuchMethodError'{0x00000000a631d0c8}: 'void java.lang.invoke.DirectMethodHandle$Holder.invokeVirtual(java.lang.Object, java.lang.Object, int)'> (0x00000000a631d0c8) 
thrown [s\open\src\hotspot\share\interpreter\linkResolver.cpp, line 773]
Event: 7.471 Thread 0x00000222478f9630 Exception <a 'java/lang/NoSuchMethodError'{0x00000000a6324098}: 'void java.lang.invoke.DelegatingMethodHandle$Holder.reinvoke_L(java.lang.Object, java.lang.Object, int)'> (0x00000000a6324098) 
thrown [s\open\src\hotspot\share\interpreter\linkResolver.cpp, line 773]
Event: 8.646 Thread 0x00000222478f9630 Implicit null exception at 0x000002225795ea37 to 0x000002225795fdf8
Event: 8.646 Thread 0x00000222478f9630 Implicit null exception at 0x0000022257943798 to 0x000002225794398c
Event: 8.647 Thread 0x00000222478f9630 Implicit null exception at 0x000002225792a80d to 0x000002225792b074
Event: 8.668 Thread 0x00000222478f9630 Exception <a 'java/lang/NoSuchMethodError'{0x00000000a4c58270}: 'int java.lang.invoke.DirectMethodHandle$Holder.invokeSpecialIFC(java.lang.Object, java.lang.Object, java.lang.Object, java.lang.Object)'> (0x00000000a4c58270) 
thrown [s\open\src\hotspot\share\interpreter\linkResolver.cpp, line 773]

ZGC Phase Switch (0 events):
No events

VM Operations (20 events):
Event: 5.735 Executing VM operation: HandshakeAllThreads (Deoptimize)
Event: 5.736 Executing VM operation: HandshakeAllThreads (Deoptimize) done
Event: 6.233 Executing VM operation: HandshakeAllThreads (Deoptimize)
Event: 6.233 Executing VM operation: HandshakeAllThreads (Deoptimize) done
Event: 6.619 Executing VM operation: HandshakeAllThreads (Deoptimize)
Event: 6.619 Executing VM operation: HandshakeAllThreads (Deoptimize) done
Event: 6.940 Executing VM operation: HandshakeAllThreads (Deoptimize)
Event: 6.940 Executing VM operation: HandshakeAllThreads (Deoptimize) done
Event: 6.940 Executing VM operation: Cleanup
Event: 6.940 Executing VM operation: Cleanup done
Event: 7.013 Executing VM operation: HandshakeAllThreads (Deoptimize)
Event: 7.013 Executing VM operation: HandshakeAllThreads (Deoptimize) done
Event: 7.132 Executing VM operation: HandshakeAllThreads (Deoptimize)
Event: 7.132 Executing VM operation: HandshakeAllThreads (Deoptimize) done
Event: 7.731 Executing VM operation: ICBufferFull
Event: 7.731 Executing VM operation: ICBufferFull done
Event: 8.531 Executing VM operation: ICBufferFull
Event: 8.531 Executing VM operation: ICBufferFull done
Event: 9.024 Executing VM operation: G1CollectForAllocation (G1 Evacuation Pause)
Event: 9.051 Executing VM operation: G1CollectForAllocation (G1 Evacuation Pause) done

Events (11 events):
Event: 0.203 Thread 0x00000222478f9630 Thread added: 0x00000222478f9630
Event: 0.289 Thread 0x0000022263834f40 Thread added: 0x0000022263834f40
Event: 0.290 Thread 0x0000022263835e60 Thread added: 0x0000022263835e60
Event: 0.290 Thread 0x0000022263838030 Thread added: 0x0000022263838030
Event: 0.290 Thread 0x000002226383aaa0 Thread added: 0x000002226383aaa0
Event: 0.290 Thread 0x000002226383b500 Thread added: 0x000002226383b500
Event: 0.290 Thread 0x000002226383bf60 Thread added: 0x000002226383bf60
Event: 0.291 Thread 0x000002226383ccf0 Thread added: 0x000002226383ccf0
Event: 0.292 Thread 0x000002226383f220 Thread added: 0x000002226383f220
Event: 0.341 Thread 0x0000022263a457d0 Thread added: 0x0000022263a457d0
Event: 0.350 Thread 0x0000022263a5ffe0 Thread added: 0x0000022263a5ffe0


Dynamic libraries:
0x00007ff7518d0000 - 0x00007ff7518e0000 	C:\Program Files\Java\jdk-21\bin\java.exe
0x00007ff931e70000 - 0x00007ff932086000 	C:\WINDOWS\SYSTEM32\ntdll.dll
0x00007ff930390000 - 0x00007ff930454000 	C:\WINDOWS\System32\KERNEL32.DLL
0x00007ff92f700000 - 0x00007ff92faa7000 	C:\WINDOWS\System32\KERNELBASE.dll
0x00007ff92f160000 - 0x00007ff92f271000 	C:\WINDOWS\System32\ucrtbase.dll
0x00007ff91cc60000 - 0x00007ff91cc79000 	C:\Program Files\Java\jdk-21\bin\jli.dll
0x00007ff91cc40000 - 0x00007ff91cc5b000 	C:\Program Files\Java\jdk-21\bin\VCRUNTIME140.dll
0x00007ff9300b0000 - 0x00007ff930162000 	C:\WINDOWS\System32\ADVAPI32.dll
0x00007ff930460000 - 0x00007ff930507000 	C:\WINDOWS\System32\msvcrt.dll
0x00007ff930c70000 - 0x00007ff930d18000 	C:\WINDOWS\System32\sechost.dll
0x00007ff92f560000 - 0x00007ff92f588000 	C:\WINDOWS\System32\bcrypt.dll
0x00007ff931c80000 - 0x00007ff931d95000 	C:\WINDOWS\System32\RPCRT4.dll
0x00007ff930ab0000 - 0x00007ff930c5e000 	C:\WINDOWS\System32\USER32.dll
0x00007ff92f280000 - 0x00007ff92f2a6000 	C:\WINDOWS\System32\win32u.dll
0x00007ff918f60000 - 0x00007ff9191f3000 	C:\WINDOWS\WinSxS\amd64_microsoft.windows.common-controls_6595b64144ccf1df_6.0.22621.3235_none_270f74e173860f98\COMCTL32.dll
0x00007ff930600000 - 0x00007ff930629000 	C:\WINDOWS\System32\GDI32.dll
0x00007ff92f3a0000 - 0x00007ff92f4b9000 	C:\WINDOWS\System32\gdi32full.dll
0x00007ff92f4c0000 - 0x00007ff92f55a000 	C:\WINDOWS\System32\msvcp_win.dll
0x00007ff927e50000 - 0x00007ff927e5a000 	C:\WINDOWS\SYSTEM32\VERSION.dll
0x00007ff931c40000 - 0x00007ff931c71000 	C:\WINDOWS\System32\IMM32.DLL
0x00007ff925eb0000 - 0x00007ff925ebc000 	C:\Program Files\Java\jdk-21\bin\vcruntime140_1.dll
0x00007ff8f1a50000 - 0x00007ff8f1ade000 	C:\Program Files\Java\jdk-21\bin\msvcp140.dll
0x00007ff881fb0000 - 0x00007ff882cc3000 	C:\Program Files\Java\jdk-21\bin\server\jvm.dll
0x00007ff931ac0000 - 0x00007ff931b31000 	C:\WINDOWS\System32\WS2_32.dll
0x00007ff92f030000 - 0x00007ff92f07d000 	C:\WINDOWS\SYSTEM32\POWRPROF.dll
0x00007ff925cf0000 - 0x00007ff925d24000 	C:\WINDOWS\SYSTEM32\WINMM.dll
0x00007ff92ef60000 - 0x00007ff92ef73000 	C:\WINDOWS\SYSTEM32\UMPDC.dll
0x00007ff92e1a0000 - 0x00007ff92e1b8000 	C:\WINDOWS\SYSTEM32\kernel.appcore.dll
0x00007ff925e70000 - 0x00007ff925e7a000 	C:\Program Files\Java\jdk-21\bin\jimage.dll
0x00007ff92cb20000 - 0x00007ff92cd53000 	C:\WINDOWS\SYSTEM32\DBGHELP.DLL
0x00007ff92fbc0000 - 0x00007ff92ff48000 	C:\WINDOWS\System32\combase.dll
0x00007ff930510000 - 0x00007ff9305e7000 	C:\WINDOWS\System32\OLEAUT32.dll
0x00007ff904690000 - 0x00007ff9046c2000 	C:\WINDOWS\SYSTEM32\dbgcore.DLL
0x00007ff92f320000 - 0x00007ff92f399000 	C:\WINDOWS\System32\bcryptPrimitives.dll
0x00007ff91cb20000 - 0x00007ff91cb3f000 	C:\Program Files\Java\jdk-21\bin\java.dll
0x00007ff930d30000 - 0x00007ff93158c000 	C:\WINDOWS\System32\SHELL32.dll
0x00007ff92d0c0000 - 0x00007ff92d9b9000 	C:\WINDOWS\SYSTEM32\windows.storage.dll
0x00007ff92cf80000 - 0x00007ff92d0be000 	C:\WINDOWS\SYSTEM32\wintypes.dll
0x00007ff931b40000 - 0x00007ff931c33000 	C:\WINDOWS\System32\SHCORE.dll
0x00007ff9308f0000 - 0x00007ff93094e000 	C:\WINDOWS\System32\shlwapi.dll
0x00007ff92f090000 - 0x00007ff92f0b1000 	C:\WINDOWS\SYSTEM32\profapi.dll
0x00007ff8f15c0000 - 0x00007ff8f1697000 	C:\Program Files\Java\jdk-21\bin\jsvml.dll
0x00007ff91ceb0000 - 0x00007ff91cec0000 	C:\Program Files\Java\jdk-21\bin\net.dll
0x00007ff927630000 - 0x00007ff927766000 	C:\WINDOWS\SYSTEM32\WINHTTP.dll
0x00007ff92e610000 - 0x00007ff92e679000 	C:\WINDOWS\system32\mswsock.dll
0x00007ff91ca80000 - 0x00007ff91ca96000 	C:\Program Files\Java\jdk-21\bin\nio.dll
0x00007ff91b090000 - 0x00007ff91b0a8000 	C:\Program Files\Java\jdk-21\bin\zip.dll
0x0000000069ac0000 - 0x0000000069ae4000 	C:\workspace\apache-maven-3.9.6-bin\apache-maven-3.9.6\lib\jansi-native\Windows\x86_64\jansi.dll
0x00007ff91cd00000 - 0x00007ff91cd10000 	C:\Program Files\Java\jdk-21\bin\verify.dll

dbghelp: loaded successfully - version: 4.0.5 - missing functions: none
symbol engine: initialized successfully - sym options: 0x614 - pdb path: .;C:\Program Files\Java\jdk-21\bin;C:\WINDOWS\SYSTEM32;C:\WINDOWS\WinSxS\amd64_microsoft.windows.common-controls_6595b64144ccf1df_6.0.22621.3235_none_270f74e173860f98;C:\Program Files\Java\jdk-21\bin\server;C:\workspace\apache-maven-3.9.6-bin\apache-maven-3.9.6\lib\jansi-native\Windows\x86_64

VM Arguments:
jvm_args: -Dclassworlds.conf=C:\\workspace\\apache-maven-3.9.6-bin\\apache-maven-3.9.6\\bin\\m2.conf -Dmaven.home=C:\\workspace\\apache-maven-3.9.6-bin\\apache-maven-3.9.6 -Dlibrary.jansi.path=C:\\workspace\\apache-maven-3.9.6-bin\\apache-maven-3.9.6\\lib\\jansi-native -Dmaven.multiModuleProjectDirectory=C:\\Users\\Juan Diego Cordoba F\\Documents\\GitHub\\WikiGroupT1 
java_command: org.codehaus.plexus.classworlds.launcher.Launcher spring-boot:run
java_class_path (initial): C:\\workspace\\apache-maven-3.9.6-bin\\apache-maven-3.9.6\\boot\\plexus-classworlds-2.7.0.jar
Launcher Type: SUN_STANDARD

[Global flags]
     intx CICompilerCount                          = 4                                         {product} {ergonomic}
     uint ConcGCThreads                            = 2                                         {product} {ergonomic}
     uint G1ConcRefinementThreads                  = 8                                         {product} {ergonomic}
   size_t G1HeapRegionSize                         = 1048576                                   {product} {ergonomic}
    uintx GCDrainStackTargetSize                   = 64                                        {product} {ergonomic}
   size_t InitialHeapSize                          = 100663296                                 {product} {ergonomic}
   size_t MarkStackSize                            = 4194304                                   {product} {ergonomic}
   size_t MaxHeapSize                              = 1579155456                                {product} {ergonomic}
   size_t MaxNewSize                               = 946864128                                 {product} {ergonomic}
   size_t MinHeapDeltaBytes                        = 1048576                                   {product} {ergonomic}
   size_t MinHeapSize                              = 8388608                                   {product} {ergonomic}
    uintx NonNMethodCodeHeapSize                   = 5839372                                {pd product} {ergonomic}
    uintx NonProfiledCodeHeapSize                  = 122909434                              {pd product} {ergonomic}
    uintx ProfiledCodeHeapSize                     = 122909434                              {pd product} {ergonomic}
    uintx ReservedCodeCacheSize                    = 251658240                              {pd product} {ergonomic}
     bool SegmentedCodeCache                       = true                                      {product} {ergonomic}
   size_t SoftMaxHeapSize                          = 1579155456                             {manageable} {ergonomic}
     bool UseCompressedOops                        = true                           {product lp64_product} {ergonomic}
     bool UseG1GC                                  = true                                      {product} {ergonomic}
     bool UseLargePagesIndividualAllocation        = false                                  {pd product} {ergonomic}

Logging:
Log output configuration:
 #0: stdout all=warning uptime,level,tags foldmultilines=false
 #1: stderr all=off uptime,level,tags foldmultilines=false

Environment Variables:
PATH=C:\Program Files (x86)\VMware\VMware Player\bin\;C:\Program Files\Common Files\Oracle\Java\javapath;C:\Oracle\dbhomeXE\bin;C:\Program Files (x86)\Common Files\Oracle\Java\javapath;C:\Program Files\AdoptOpenJDK\jre-11.0.7.10-hotspot\bin;C:\WINDOWS\system32;C:\WINDOWS;C:\WINDOWS\System32\Wbem;C:\WINDOWS\System32\WindowsPowerShell\v1.0\;C:\WINDOWS\System32\OpenSSH\;C:\Program Files (x86)\dotnet\;C:\Program Files\Java\jdk-19\bin;C:\Program Files\Git\cmd;C:\workspace\apache-maven-3.9.6-bin\apache-maven-3.9.6\bin;C:\Program Files\nodejs\;C:\Users\Juan Diego Cordoba F\AppData\Local\Programs\Python\Python39\Scripts\;C:\Users\Juan Diego Cordoba F\AppData\Local\Programs\Python\Python39\;C:\Users\Juan Diego Cordoba F\AppData\Local\Microsoft\WindowsApps;C:\Users\Juan Diego Cordoba F\AppData\Local\atom\bin;C:\Users\Juan Diego Cordoba F\AppData\Local\Microsoft\WindowsApps;C:\MinGW\bin;C:\Users\Juan Diego Cordoba F\AppData\Local\Programs\Microsoft VS Code\bin;C:\Users\Juan Diego Cordoba F\AppData\Local\GitHubDesktop\bin;C:\Users\Juan Diego Cordoba F\AppData\Roaming\npm
USERNAME=Juan Diego Cordoba F
LANG=en_US.UTF-8
OS=Windows_NT
PROCESSOR_IDENTIFIER=AMD64 Family 23 Model 24 Stepping 1, AuthenticAMD
TMP=C:\Users\JUANDI~1\AppData\Local\Temp
TEMP=C:\Users\JUANDI~1\AppData\Local\Temp




---------------  S Y S T E M  ---------------

OS:
 Windows 11 , 64 bit Build 22621 (10.0.22621.3374)
OS uptime: 3 days 20:42 hours

CPU: total 8 (initial active 8) (8 cores per cpu, 2 threads per core) family 23 model 24 stepping 1 microcode 0x0, cx8, cmov, fxsr, ht, mmx, 3dnowpref, sse, sse2, sse3, ssse3, sse4a, sse4.1, sse4.2, popcnt, lzcnt, tsc, tscinvbit, avx, avx2, aes, clmul, bmi1, bmi2, adx, sha, fma, vzeroupper, clflush, clflushopt, rdtscp, f16c
Processor Information for all 8 processors :
  Max Mhz: 2100, Current Mhz: 2100, Mhz Limit: 2100

Memory: 4k page, system-wide physical 6020M (97M free)
TotalPageFile size 24452M (AvailPageFile size 80M)
current process WorkingSet (physical memory assigned to process): 154M, peak: 154M
current process commit charge ("private bytes"): 221M, peak: 222M

vm_info: Java HotSpot(TM) 64-Bit Server VM (21+35-LTS-2513) for windows-amd64 JRE (21+35-LTS-2513), built on 2023-08-09T20:25:10Z by "mach5one" with MS VC++ 17.1 (VS2022)

END.
